GAS LISTING C:\Users\Duckb\AppData\Local\Temp\cc2Kp1Mq.s 			page 1


   1              		.file	"close.c"
   2              		.option nopic
   3              		.attribute arch, "rv32i2p0_m2p0_a2p0_c2p0"
   4              		.attribute unaligned_access, 0
   5              		.attribute stack_align, 16
   6              		.text
   7              	.Ltext0:
   8              		.cfi_sections	.debug_frame
   9              		.section	.text._close,"ax",@progbits
  10              		.align	1
  11              		.globl	_close
  13              	_close:
  14              	.LFB1:
  15              		.file 1 "./../../firmware/RISCV/stubs/close.c"
   1:./../../firmware/RISCV/stubs/close.c **** /* See LICENSE of license details. */
   2:./../../firmware/RISCV/stubs/close.c **** 
   3:./../../firmware/RISCV/stubs/close.c **** #include <errno.h>
   4:./../../firmware/RISCV/stubs/close.c **** #include "stub.h"
   5:./../../firmware/RISCV/stubs/close.c **** 
   6:./../../firmware/RISCV/stubs/close.c **** int _close(int fd)
   7:./../../firmware/RISCV/stubs/close.c **** {
  16              		.loc 1 7 1
  17              		.cfi_startproc
  18              	.LVL0:
   8:./../../firmware/RISCV/stubs/close.c ****   return _stub(EBADF);
  19              		.loc 1 8 3
  20              		.file 2 "./../../firmware/RISCV/stubs/stub.h"
   1:./../../firmware/RISCV/stubs/stub.h **** /* See LICENSE of license details. */
   2:./../../firmware/RISCV/stubs/stub.h **** #ifndef _NUCLEI_SYS_STUB_H
   3:./../../firmware/RISCV/stubs/stub.h **** #define _NUCLEI_SYS_STUB_H
   4:./../../firmware/RISCV/stubs/stub.h **** 
   5:./../../firmware/RISCV/stubs/stub.h **** #include <stdint.h>
   6:./../../firmware/RISCV/stubs/stub.h **** #if   defined (__GNUC__)
   7:./../../firmware/RISCV/stubs/stub.h **** #include <unistd.h>
   8:./../../firmware/RISCV/stubs/stub.h **** #endif
   9:./../../firmware/RISCV/stubs/stub.h **** 
  10:./../../firmware/RISCV/stubs/stub.h **** void write_hex(int fd, unsigned long int hex);
  11:./../../firmware/RISCV/stubs/stub.h **** 
  12:./../../firmware/RISCV/stubs/stub.h **** static inline int _stub(int err)
  13:./../../firmware/RISCV/stubs/stub.h **** {
  14:./../../firmware/RISCV/stubs/stub.h ****   return -1;
  21              		.loc 2 14 3
   9:./../../firmware/RISCV/stubs/close.c **** }
  22              		.loc 1 9 1 is_stmt 0
  23 0000 7D55     		li	a0,-1
  24              	.LVL1:
  25 0002 8280     		ret
  26              		.cfi_endproc
  27              	.LFE1:
  29              		.text
  30              	.Letext0:
  31              		.file 3 "c:\\programming\\assembler\\toolchain-gd32v-v202-win\\toolchain-gd32v-v202-win\\compiler\
  32              		.file 4 "c:\\programming\\assembler\\toolchain-gd32v-v202-win\\toolchain-gd32v-v202-win\\compiler\
  33              		.file 5 "c:\\programming\\assembler\\toolchain-gd32v-v202-win\\toolchain-gd32v-v202-win\\compiler\
  34              		.file 6 "c:\\programming\\assembler\\toolchain-gd32v-v202-win\\toolchain-gd32v-v202-win\\compiler\
  35              		.file 7 "c:\\programming\\assembler\\toolchain-gd32v-v202-win\\toolchain-gd32v-v202-win\\compiler\
  36              		.file 8 "c:\\programming\\assembler\\toolchain-gd32v-v202-win\\toolchain-gd32v-v202-win\\compiler\
GAS LISTING C:\Users\Duckb\AppData\Local\Temp\cc2Kp1Mq.s 			page 2


GAS LISTING C:\Users\Duckb\AppData\Local\Temp\cc2Kp1Mq.s 			page 3


DEFINED SYMBOLS
                            *ABS*:0000000000000000 close.c
C:\Users\Duckb\AppData\Local\Temp\cc2Kp1Mq.s:13     .text._close:0000000000000000 _close
C:\Users\Duckb\AppData\Local\Temp\cc2Kp1Mq.s:17     .text._close:0000000000000000 .L0 
C:\Users\Duckb\AppData\Local\Temp\cc2Kp1Mq.s:19     .text._close:0000000000000000 .L0 
C:\Users\Duckb\AppData\Local\Temp\cc2Kp1Mq.s:21     .text._close:0000000000000000 .L0 
C:\Users\Duckb\AppData\Local\Temp\cc2Kp1Mq.s:22     .text._close:0000000000000000 .L0 
C:\Users\Duckb\AppData\Local\Temp\cc2Kp1Mq.s:23     .text._close:0000000000000000 .L0 
C:\Users\Duckb\AppData\Local\Temp\cc2Kp1Mq.s:26     .text._close:0000000000000004 .L0 
C:\Users\Duckb\AppData\Local\Temp\cc2Kp1Mq.s:29     .text._close:0000000000000004 .L0 
                     .debug_frame:0000000000000000 .L0 
C:\Users\Duckb\AppData\Local\Temp\cc2Kp1Mq.s:1540   .debug_abbrev:0000000000000000 .Ldebug_abbrev0
C:\Users\Duckb\AppData\Local\Temp\cc2Kp1Mq.s:2288   .debug_str:0000000000000477 .LASF128
C:\Users\Duckb\AppData\Local\Temp\cc2Kp1Mq.s:2092   .debug_str:000000000000008b .LASF129
C:\Users\Duckb\AppData\Local\Temp\cc2Kp1Mq.s:2094   .debug_str:00000000000000b0 .LASF130
C:\Users\Duckb\AppData\Local\Temp\cc2Kp1Mq.s:2060   .debug_ranges:0000000000000000 .Ldebug_ranges0
C:\Users\Duckb\AppData\Local\Temp\cc2Kp1Mq.s:2066   .debug_line:0000000000000000 .Ldebug_line0
C:\Users\Duckb\AppData\Local\Temp\cc2Kp1Mq.s:2158   .debug_str:0000000000000226 .LASF0
C:\Users\Duckb\AppData\Local\Temp\cc2Kp1Mq.s:2172   .debug_str:0000000000000269 .LASF1
C:\Users\Duckb\AppData\Local\Temp\cc2Kp1Mq.s:2100   .debug_str:000000000000011f .LASF2
C:\Users\Duckb\AppData\Local\Temp\cc2Kp1Mq.s:2202   .debug_str:00000000000002f3 .LASF3
C:\Users\Duckb\AppData\Local\Temp\cc2Kp1Mq.s:2186   .debug_str:00000000000002b4 .LASF10
C:\Users\Duckb\AppData\Local\Temp\cc2Kp1Mq.s:2102   .debug_str:000000000000012d .LASF4
C:\Users\Duckb\AppData\Local\Temp\cc2Kp1Mq.s:2220   .debug_str:000000000000034c .LASF5
C:\Users\Duckb\AppData\Local\Temp\cc2Kp1Mq.s:2226   .debug_str:0000000000000368 .LASF6
C:\Users\Duckb\AppData\Local\Temp\cc2Kp1Mq.s:2118   .debug_str:0000000000000172 .LASF7
C:\Users\Duckb\AppData\Local\Temp\cc2Kp1Mq.s:2166   .debug_str:000000000000024a .LASF8
C:\Users\Duckb\AppData\Local\Temp\cc2Kp1Mq.s:2082   .debug_str:000000000000004b .LASF9
C:\Users\Duckb\AppData\Local\Temp\cc2Kp1Mq.s:2214   .debug_str:0000000000000329 .LASF11
C:\Users\Duckb\AppData\Local\Temp\cc2Kp1Mq.s:2272   .debug_str:000000000000043a .LASF12
C:\Users\Duckb\AppData\Local\Temp\cc2Kp1Mq.s:2308   .debug_str:0000000000000557 .LASF13
C:\Users\Duckb\AppData\Local\Temp\cc2Kp1Mq.s:2182   .debug_str:00000000000002a6 .LASF14
C:\Users\Duckb\AppData\Local\Temp\cc2Kp1Mq.s:2160   .debug_str:0000000000000233 .LASF15
C:\Users\Duckb\AppData\Local\Temp\cc2Kp1Mq.s:2264   .debug_str:0000000000000418 .LASF16
C:\Users\Duckb\AppData\Local\Temp\cc2Kp1Mq.s:2266   .debug_str:0000000000000420 .LASF17
C:\Users\Duckb\AppData\Local\Temp\cc2Kp1Mq.s:2236   .debug_str:0000000000000390 .LASF18
C:\Users\Duckb\AppData\Local\Temp\cc2Kp1Mq.s:2294   .debug_str:000000000000050d .LASF19
C:\Users\Duckb\AppData\Local\Temp\cc2Kp1Mq.s:2218   .debug_str:000000000000033a .LASF20
C:\Users\Duckb\AppData\Local\Temp\cc2Kp1Mq.s:2144   .debug_str:00000000000001e9 .LASF21
C:\Users\Duckb\AppData\Local\Temp\cc2Kp1Mq.s:2148   .debug_str:00000000000001fa .LASF26
C:\Users\Duckb\AppData\Local\Temp\cc2Kp1Mq.s:2284   .debug_str:0000000000000464 .LASF22
C:\Users\Duckb\AppData\Local\Temp\cc2Kp1Mq.s:2258   .debug_str:0000000000000403 .LASF23
C:\Users\Duckb\AppData\Local\Temp\cc2Kp1Mq.s:2142   .debug_str:00000000000001e3 .LASF24
C:\Users\Duckb\AppData\Local\Temp\cc2Kp1Mq.s:2302   .debug_str:0000000000000542 .LASF25
C:\Users\Duckb\AppData\Local\Temp\cc2Kp1Mq.s:2156   .debug_str:0000000000000221 .LASF27
C:\Users\Duckb\AppData\Local\Temp\cc2Kp1Mq.s:2098   .debug_str:0000000000000116 .LASF28
C:\Users\Duckb\AppData\Local\Temp\cc2Kp1Mq.s:2278   .debug_str:000000000000044e .LASF29
C:\Users\Duckb\AppData\Local\Temp\cc2Kp1Mq.s:2108   .debug_str:0000000000000145 .LASF30
C:\Users\Duckb\AppData\Local\Temp\cc2Kp1Mq.s:2332   .debug_str:00000000000005c2 .LASF31
C:\Users\Duckb\AppData\Local\Temp\cc2Kp1Mq.s:2208   .debug_str:000000000000030d .LASF32
C:\Users\Duckb\AppData\Local\Temp\cc2Kp1Mq.s:2196   .debug_str:00000000000002d9 .LASF33
C:\Users\Duckb\AppData\Local\Temp\cc2Kp1Mq.s:2304   .debug_str:0000000000000547 .LASF34
C:\Users\Duckb\AppData\Local\Temp\cc2Kp1Mq.s:2228   .debug_str:0000000000000372 .LASF35
C:\Users\Duckb\AppData\Local\Temp\cc2Kp1Mq.s:2318   .debug_str:0000000000000582 .LASF36
C:\Users\Duckb\AppData\Local\Temp\cc2Kp1Mq.s:2112   .debug_str:0000000000000154 .LASF37
C:\Users\Duckb\AppData\Local\Temp\cc2Kp1Mq.s:2138   .debug_str:00000000000001d6 .LASF38
C:\Users\Duckb\AppData\Local\Temp\cc2Kp1Mq.s:2068   .debug_str:0000000000000000 .LASF39
GAS LISTING C:\Users\Duckb\AppData\Local\Temp\cc2Kp1Mq.s 			page 4


C:\Users\Duckb\AppData\Local\Temp\cc2Kp1Mq.s:2290   .debug_str:00000000000004ff .LASF40
C:\Users\Duckb\AppData\Local\Temp\cc2Kp1Mq.s:2122   .debug_str:0000000000000182 .LASF41
C:\Users\Duckb\AppData\Local\Temp\cc2Kp1Mq.s:2210   .debug_str:0000000000000316 .LASF42
C:\Users\Duckb\AppData\Local\Temp\cc2Kp1Mq.s:2250   .debug_str:00000000000003d3 .LASF43
C:\Users\Duckb\AppData\Local\Temp\cc2Kp1Mq.s:2140   .debug_str:00000000000001de .LASF44
C:\Users\Duckb\AppData\Local\Temp\cc2Kp1Mq.s:2230   .debug_str:000000000000037c .LASF45
C:\Users\Duckb\AppData\Local\Temp\cc2Kp1Mq.s:2106   .debug_str:000000000000013f .LASF46
C:\Users\Duckb\AppData\Local\Temp\cc2Kp1Mq.s:2070   .debug_str:000000000000000c .LASF47
C:\Users\Duckb\AppData\Local\Temp\cc2Kp1Mq.s:2238   .debug_str:000000000000039b .LASF48
C:\Users\Duckb\AppData\Local\Temp\cc2Kp1Mq.s:2120   .debug_str:000000000000017b .LASF49
C:\Users\Duckb\AppData\Local\Temp\cc2Kp1Mq.s:2168   .debug_str:000000000000025c .LASF50
C:\Users\Duckb\AppData\Local\Temp\cc2Kp1Mq.s:2084   .debug_str:0000000000000062 .LASF51
C:\Users\Duckb\AppData\Local\Temp\cc2Kp1Mq.s:2114   .debug_str:0000000000000162 .LASF52
C:\Users\Duckb\AppData\Local\Temp\cc2Kp1Mq.s:2152   .debug_str:0000000000000211 .LASF53
C:\Users\Duckb\AppData\Local\Temp\cc2Kp1Mq.s:2194   .debug_str:00000000000002d2 .LASF54
C:\Users\Duckb\AppData\Local\Temp\cc2Kp1Mq.s:2268   .debug_str:0000000000000428 .LASF55
C:\Users\Duckb\AppData\Local\Temp\cc2Kp1Mq.s:2322   .debug_str:000000000000059c .LASF56
C:\Users\Duckb\AppData\Local\Temp\cc2Kp1Mq.s:2104   .debug_str:0000000000000139 .LASF57
C:\Users\Duckb\AppData\Local\Temp\cc2Kp1Mq.s:2314   .debug_str:0000000000000574 .LASF58
C:\Users\Duckb\AppData\Local\Temp\cc2Kp1Mq.s:2126   .debug_str:0000000000000191 .LASF59
C:\Users\Duckb\AppData\Local\Temp\cc2Kp1Mq.s:2132   .debug_str:00000000000001af .LASF60
C:\Users\Duckb\AppData\Local\Temp\cc2Kp1Mq.s:2076   .debug_str:0000000000000025 .LASF61
C:\Users\Duckb\AppData\Local\Temp\cc2Kp1Mq.s:2188   .debug_str:00000000000002bb .LASF62
C:\Users\Duckb\AppData\Local\Temp\cc2Kp1Mq.s:2242   .debug_str:00000000000003ad .LASF63
C:\Users\Duckb\AppData\Local\Temp\cc2Kp1Mq.s:2190   .debug_str:00000000000002c1 .LASF64
C:\Users\Duckb\AppData\Local\Temp\cc2Kp1Mq.s:2260   .debug_str:000000000000040b .LASF65
C:\Users\Duckb\AppData\Local\Temp\cc2Kp1Mq.s:2274   .debug_str:0000000000000442 .LASF66
C:\Users\Duckb\AppData\Local\Temp\cc2Kp1Mq.s:2124   .debug_str:000000000000018a .LASF67
C:\Users\Duckb\AppData\Local\Temp\cc2Kp1Mq.s:2162   .debug_str:000000000000023a .LASF68
C:\Users\Duckb\AppData\Local\Temp\cc2Kp1Mq.s:2146   .debug_str:00000000000001f2 .LASF69
C:\Users\Duckb\AppData\Local\Temp\cc2Kp1Mq.s:2248   .debug_str:00000000000003ce .LASF70
C:\Users\Duckb\AppData\Local\Temp\cc2Kp1Mq.s:2074   .debug_str:000000000000001a .LASF71
C:\Users\Duckb\AppData\Local\Temp\cc2Kp1Mq.s:2256   .debug_str:00000000000003ea .LASF72
C:\Users\Duckb\AppData\Local\Temp\cc2Kp1Mq.s:2252   .debug_str:00000000000003d8 .LASF73
C:\Users\Duckb\AppData\Local\Temp\cc2Kp1Mq.s:2212   .debug_str:000000000000031e .LASF74
C:\Users\Duckb\AppData\Local\Temp\cc2Kp1Mq.s:2254   .debug_str:00000000000003e0 .LASF75
C:\Users\Duckb\AppData\Local\Temp\cc2Kp1Mq.s:2180   .debug_str:000000000000029e .LASF76
C:\Users\Duckb\AppData\Local\Temp\cc2Kp1Mq.s:2154   .debug_str:0000000000000217 .LASF77
C:\Users\Duckb\AppData\Local\Temp\cc2Kp1Mq.s:2330   .debug_str:00000000000005bd .LASF78
C:\Users\Duckb\AppData\Local\Temp\cc2Kp1Mq.s:2216   .debug_str:0000000000000330 .LASF79
C:\Users\Duckb\AppData\Local\Temp\cc2Kp1Mq.s:2164   .debug_str:0000000000000242 .LASF80
C:\Users\Duckb\AppData\Local\Temp\cc2Kp1Mq.s:2130   .debug_str:00000000000001a7 .LASF81
C:\Users\Duckb\AppData\Local\Temp\cc2Kp1Mq.s:2222   .debug_str:000000000000035a .LASF82
C:\Users\Duckb\AppData\Local\Temp\cc2Kp1Mq.s:2174   .debug_str:000000000000027c .LASF83
C:\Users\Duckb\AppData\Local\Temp\cc2Kp1Mq.s:2312   .debug_str:000000000000056a .LASF84
C:\Users\Duckb\AppData\Local\Temp\cc2Kp1Mq.s:2116   .debug_str:000000000000016a .LASF85
C:\Users\Duckb\AppData\Local\Temp\cc2Kp1Mq.s:2110   .debug_str:000000000000014f .LASF86
C:\Users\Duckb\AppData\Local\Temp\cc2Kp1Mq.s:2276   .debug_str:0000000000000449 .LASF87
C:\Users\Duckb\AppData\Local\Temp\cc2Kp1Mq.s:2234   .debug_str:0000000000000389 .LASF88
C:\Users\Duckb\AppData\Local\Temp\cc2Kp1Mq.s:2306   .debug_str:0000000000000551 .LASF89
C:\Users\Duckb\AppData\Local\Temp\cc2Kp1Mq.s:2170   .debug_str:0000000000000262 .LASF90
C:\Users\Duckb\AppData\Local\Temp\cc2Kp1Mq.s:2232   .debug_str:0000000000000383 .LASF91
C:\Users\Duckb\AppData\Local\Temp\cc2Kp1Mq.s:2072   .debug_str:0000000000000012 .LASF92
C:\Users\Duckb\AppData\Local\Temp\cc2Kp1Mq.s:2262   .debug_str:0000000000000412 .LASF93
C:\Users\Duckb\AppData\Local\Temp\cc2Kp1Mq.s:2282   .debug_str:000000000000045e .LASF94
C:\Users\Duckb\AppData\Local\Temp\cc2Kp1Mq.s:2292   .debug_str:0000000000000508 .LASF95
C:\Users\Duckb\AppData\Local\Temp\cc2Kp1Mq.s:2300   .debug_str:0000000000000535 .LASF96
GAS LISTING C:\Users\Duckb\AppData\Local\Temp\cc2Kp1Mq.s 			page 5


C:\Users\Duckb\AppData\Local\Temp\cc2Kp1Mq.s:2286   .debug_str:000000000000046a .LASF97
C:\Users\Duckb\AppData\Local\Temp\cc2Kp1Mq.s:2178   .debug_str:0000000000000291 .LASF98
C:\Users\Duckb\AppData\Local\Temp\cc2Kp1Mq.s:2320   .debug_str:000000000000058d .LASF99
C:\Users\Duckb\AppData\Local\Temp\cc2Kp1Mq.s:2150   .debug_str:0000000000000202 .LASF100
C:\Users\Duckb\AppData\Local\Temp\cc2Kp1Mq.s:2244   .debug_str:00000000000003b6 .LASF101
C:\Users\Duckb\AppData\Local\Temp\cc2Kp1Mq.s:2324   .debug_str:00000000000005a3 .LASF102
C:\Users\Duckb\AppData\Local\Temp\cc2Kp1Mq.s:2246   .debug_str:00000000000003c1 .LASF103
C:\Users\Duckb\AppData\Local\Temp\cc2Kp1Mq.s:2328   .debug_str:00000000000005af .LASF104
C:\Users\Duckb\AppData\Local\Temp\cc2Kp1Mq.s:2096   .debug_str:0000000000000108 .LASF105
C:\Users\Duckb\AppData\Local\Temp\cc2Kp1Mq.s:2310   .debug_str:0000000000000560 .LASF106
C:\Users\Duckb\AppData\Local\Temp\cc2Kp1Mq.s:2176   .debug_str:0000000000000285 .LASF107
C:\Users\Duckb\AppData\Local\Temp\cc2Kp1Mq.s:2296   .debug_str:0000000000000515 .LASF108
C:\Users\Duckb\AppData\Local\Temp\cc2Kp1Mq.s:2136   .debug_str:00000000000001c8 .LASF109
C:\Users\Duckb\AppData\Local\Temp\cc2Kp1Mq.s:2090   .debug_str:000000000000007c .LASF110
C:\Users\Duckb\AppData\Local\Temp\cc2Kp1Mq.s:2134   .debug_str:00000000000001b7 .LASF111
C:\Users\Duckb\AppData\Local\Temp\cc2Kp1Mq.s:2078   .debug_str:000000000000002b .LASF112
C:\Users\Duckb\AppData\Local\Temp\cc2Kp1Mq.s:2080   .debug_str:000000000000003a .LASF113
C:\Users\Duckb\AppData\Local\Temp\cc2Kp1Mq.s:2224   .debug_str:000000000000035f .LASF114
C:\Users\Duckb\AppData\Local\Temp\cc2Kp1Mq.s:2206   .debug_str:0000000000000306 .LASF115
C:\Users\Duckb\AppData\Local\Temp\cc2Kp1Mq.s:2198   .debug_str:00000000000002e3 .LASF116
C:\Users\Duckb\AppData\Local\Temp\cc2Kp1Mq.s:2316   .debug_str:000000000000057a .LASF117
C:\Users\Duckb\AppData\Local\Temp\cc2Kp1Mq.s:2086   .debug_str:000000000000006b .LASF131
C:\Users\Duckb\AppData\Local\Temp\cc2Kp1Mq.s:2270   .debug_str:000000000000042e .LASF118
C:\Users\Duckb\AppData\Local\Temp\cc2Kp1Mq.s:2298   .debug_str:0000000000000522 .LASF119
C:\Users\Duckb\AppData\Local\Temp\cc2Kp1Mq.s:2128   .debug_str:000000000000019a .LASF120
C:\Users\Duckb\AppData\Local\Temp\cc2Kp1Mq.s:2240   .debug_str:00000000000003a3 .LASF121
C:\Users\Duckb\AppData\Local\Temp\cc2Kp1Mq.s:2184   .debug_str:00000000000002ac .LASF122
C:\Users\Duckb\AppData\Local\Temp\cc2Kp1Mq.s:2200   .debug_str:00000000000002ec .LASF123
C:\Users\Duckb\AppData\Local\Temp\cc2Kp1Mq.s:2204   .debug_str:00000000000002ff .LASF124
C:\Users\Duckb\AppData\Local\Temp\cc2Kp1Mq.s:2280   .debug_str:0000000000000457 .LASF125
C:\Users\Duckb\AppData\Local\Temp\cc2Kp1Mq.s:2326   .debug_str:00000000000005a8 .LASF126
C:\Users\Duckb\AppData\Local\Temp\cc2Kp1Mq.s:2192   .debug_str:00000000000002c9 .LASF127
C:\Users\Duckb\AppData\Local\Temp\cc2Kp1Mq.s:14     .text._close:0000000000000000 .LFB1
C:\Users\Duckb\AppData\Local\Temp\cc2Kp1Mq.s:27     .text._close:0000000000000004 .LFE1
C:\Users\Duckb\AppData\Local\Temp\cc2Kp1Mq.s:2033   .debug_loc:0000000000000000 .LLST0
C:\Users\Duckb\AppData\Local\Temp\cc2Kp1Mq.s:2088   .debug_str:0000000000000076 .LASF132
C:\Users\Duckb\AppData\Local\Temp\cc2Kp1Mq.s:18     .text._close:0000000000000000 .LVL0
C:\Users\Duckb\AppData\Local\Temp\cc2Kp1Mq.s:24     .text._close:0000000000000002 .LVL1
C:\Users\Duckb\AppData\Local\Temp\cc2Kp1Mq.s:38     .debug_info:0000000000000000 .Ldebug_info0

NO UNDEFINED SYMBOLS
