GAS LISTING C:\Users\Duckb\AppData\Local\Temp\ccdOhLzb.s 			page 1


   1              		.file	"read.c"
   2              		.option nopic
   3              		.attribute arch, "rv32i2p0_m2p0_a2p0_c2p0"
   4              		.attribute unaligned_access, 0
   5              		.attribute stack_align, 16
   6              		.text
   7              	.Ltext0:
   8              		.cfi_sections	.debug_frame
   9              		.section	.text._read,"ax",@progbits
  10              		.align	1
  11              		.globl	_read
  13              	_read:
  14              	.LFB1:
  15              		.file 1 "./../../firmware/RISCV/stubs/read.c"
   1:./../../firmware/RISCV/stubs/read.c **** /* See LICENSE of license details. */
   2:./../../firmware/RISCV/stubs/read.c **** 
   3:./../../firmware/RISCV/stubs/read.c **** #include <stdint.h>
   4:./../../firmware/RISCV/stubs/read.c **** #include <errno.h>
   5:./../../firmware/RISCV/stubs/read.c **** #include <unistd.h>
   6:./../../firmware/RISCV/stubs/read.c **** #include <sys/types.h>
   7:./../../firmware/RISCV/stubs/read.c **** 
   8:./../../firmware/RISCV/stubs/read.c **** #include "stub.h"
   9:./../../firmware/RISCV/stubs/read.c **** 
  10:./../../firmware/RISCV/stubs/read.c **** ssize_t _read(int fd, void* ptr, size_t len)
  11:./../../firmware/RISCV/stubs/read.c **** {
  16              		.loc 1 11 1
  17              		.cfi_startproc
  18              	.LVL0:
  12:./../../firmware/RISCV/stubs/read.c ****   return _stub(EBADF);
  19              		.loc 1 12 3
  20              		.file 2 "./../../firmware/RISCV/stubs/stub.h"
   1:./../../firmware/RISCV/stubs/stub.h **** /* See LICENSE of license details. */
   2:./../../firmware/RISCV/stubs/stub.h **** #ifndef _NUCLEI_SYS_STUB_H
   3:./../../firmware/RISCV/stubs/stub.h **** #define _NUCLEI_SYS_STUB_H
   4:./../../firmware/RISCV/stubs/stub.h **** 
   5:./../../firmware/RISCV/stubs/stub.h **** #include <stdint.h>
   6:./../../firmware/RISCV/stubs/stub.h **** #if   defined (__GNUC__)
   7:./../../firmware/RISCV/stubs/stub.h **** #include <unistd.h>
   8:./../../firmware/RISCV/stubs/stub.h **** #endif
   9:./../../firmware/RISCV/stubs/stub.h **** 
  10:./../../firmware/RISCV/stubs/stub.h **** void write_hex(int fd, unsigned long int hex);
  11:./../../firmware/RISCV/stubs/stub.h **** 
  12:./../../firmware/RISCV/stubs/stub.h **** static inline int _stub(int err)
  13:./../../firmware/RISCV/stubs/stub.h **** {
  14:./../../firmware/RISCV/stubs/stub.h ****   return -1;
  21              		.loc 2 14 3
  13:./../../firmware/RISCV/stubs/read.c **** }
  22              		.loc 1 13 1 is_stmt 0
  23 0000 7D55     		li	a0,-1
  24              	.LVL1:
  25 0002 8280     		ret
  26              		.cfi_endproc
  27              	.LFE1:
  29              		.text
  30              	.Letext0:
  31              		.file 3 "c:\\programming\\assembler\\toolchain-gd32v-v202-win\\toolchain-gd32v-v202-win\\compiler\
  32              		.file 4 "c:\\programming\\assembler\\toolchain-gd32v-v202-win\\toolchain-gd32v-v202-win\\compiler\
GAS LISTING C:\Users\Duckb\AppData\Local\Temp\ccdOhLzb.s 			page 2


  33              		.file 5 "c:\\programming\\assembler\\toolchain-gd32v-v202-win\\toolchain-gd32v-v202-win\\compiler\
  34              		.file 6 "c:\\programming\\assembler\\toolchain-gd32v-v202-win\\toolchain-gd32v-v202-win\\compiler\
  35              		.file 7 "c:\\programming\\assembler\\toolchain-gd32v-v202-win\\toolchain-gd32v-v202-win\\compiler\
  36              		.file 8 "c:\\programming\\assembler\\toolchain-gd32v-v202-win\\toolchain-gd32v-v202-win\\compiler\
  37              		.file 9 "c:\\programming\\assembler\\toolchain-gd32v-v202-win\\toolchain-gd32v-v202-win\\compiler\
GAS LISTING C:\Users\Duckb\AppData\Local\Temp\ccdOhLzb.s 			page 3


DEFINED SYMBOLS
                            *ABS*:0000000000000000 read.c
C:\Users\Duckb\AppData\Local\Temp\ccdOhLzb.s:13     .text._read:0000000000000000 _read
C:\Users\Duckb\AppData\Local\Temp\ccdOhLzb.s:17     .text._read:0000000000000000 .L0 
C:\Users\Duckb\AppData\Local\Temp\ccdOhLzb.s:19     .text._read:0000000000000000 .L0 
C:\Users\Duckb\AppData\Local\Temp\ccdOhLzb.s:21     .text._read:0000000000000000 .L0 
C:\Users\Duckb\AppData\Local\Temp\ccdOhLzb.s:22     .text._read:0000000000000000 .L0 
C:\Users\Duckb\AppData\Local\Temp\ccdOhLzb.s:23     .text._read:0000000000000000 .L0 
C:\Users\Duckb\AppData\Local\Temp\ccdOhLzb.s:26     .text._read:0000000000000004 .L0 
C:\Users\Duckb\AppData\Local\Temp\ccdOhLzb.s:29     .text._read:0000000000000004 .L0 
                     .debug_frame:0000000000000000 .L0 
C:\Users\Duckb\AppData\Local\Temp\ccdOhLzb.s:1569   .debug_abbrev:0000000000000000 .Ldebug_abbrev0
C:\Users\Duckb\AppData\Local\Temp\ccdOhLzb.s:2338   .debug_str:0000000000000485 .LASF130
C:\Users\Duckb\AppData\Local\Temp\ccdOhLzb.s:2142   .debug_str:000000000000009a .LASF131
C:\Users\Duckb\AppData\Local\Temp\ccdOhLzb.s:2144   .debug_str:00000000000000be .LASF132
C:\Users\Duckb\AppData\Local\Temp\ccdOhLzb.s:2106   .debug_ranges:0000000000000000 .Ldebug_ranges0
C:\Users\Duckb\AppData\Local\Temp\ccdOhLzb.s:2112   .debug_line:0000000000000000 .Ldebug_line0
C:\Users\Duckb\AppData\Local\Temp\ccdOhLzb.s:2152   .debug_str:000000000000013b .LASF0
C:\Users\Duckb\AppData\Local\Temp\ccdOhLzb.s:2270   .debug_str:000000000000035a .LASF1
C:\Users\Duckb\AppData\Local\Temp\ccdOhLzb.s:2276   .debug_str:0000000000000376 .LASF2
C:\Users\Duckb\AppData\Local\Temp\ccdOhLzb.s:2222   .debug_str:0000000000000277 .LASF3
C:\Users\Duckb\AppData\Local\Temp\ccdOhLzb.s:2168   .debug_str:0000000000000180 .LASF4
C:\Users\Duckb\AppData\Local\Temp\ccdOhLzb.s:2216   .debug_str:0000000000000258 .LASF5
C:\Users\Duckb\AppData\Local\Temp\ccdOhLzb.s:2150   .debug_str:000000000000012d .LASF6
C:\Users\Duckb\AppData\Local\Temp\ccdOhLzb.s:2132   .debug_str:000000000000005a .LASF7
C:\Users\Duckb\AppData\Local\Temp\ccdOhLzb.s:2208   .debug_str:0000000000000234 .LASF8
C:\Users\Duckb\AppData\Local\Temp\ccdOhLzb.s:2118   .debug_str:0000000000000012 .LASF10
C:\Users\Duckb\AppData\Local\Temp\ccdOhLzb.s:2252   .debug_str:0000000000000301 .LASF9
C:\Users\Duckb\AppData\Local\Temp\ccdOhLzb.s:2236   .debug_str:00000000000002c2 .LASF11
C:\Users\Duckb\AppData\Local\Temp\ccdOhLzb.s:2264   .debug_str:0000000000000337 .LASF12
C:\Users\Duckb\AppData\Local\Temp\ccdOhLzb.s:2322   .debug_str:0000000000000448 .LASF13
C:\Users\Duckb\AppData\Local\Temp\ccdOhLzb.s:2358   .debug_str:0000000000000565 .LASF14
C:\Users\Duckb\AppData\Local\Temp\ccdOhLzb.s:2232   .debug_str:00000000000002b4 .LASF15
C:\Users\Duckb\AppData\Local\Temp\ccdOhLzb.s:2210   .debug_str:0000000000000241 .LASF16
C:\Users\Duckb\AppData\Local\Temp\ccdOhLzb.s:2314   .debug_str:0000000000000426 .LASF17
C:\Users\Duckb\AppData\Local\Temp\ccdOhLzb.s:2316   .debug_str:000000000000042e .LASF18
C:\Users\Duckb\AppData\Local\Temp\ccdOhLzb.s:2286   .debug_str:000000000000039e .LASF19
C:\Users\Duckb\AppData\Local\Temp\ccdOhLzb.s:2344   .debug_str:000000000000051b .LASF20
C:\Users\Duckb\AppData\Local\Temp\ccdOhLzb.s:2268   .debug_str:0000000000000348 .LASF21
C:\Users\Duckb\AppData\Local\Temp\ccdOhLzb.s:2194   .debug_str:00000000000001f7 .LASF22
C:\Users\Duckb\AppData\Local\Temp\ccdOhLzb.s:2198   .debug_str:0000000000000208 .LASF27
C:\Users\Duckb\AppData\Local\Temp\ccdOhLzb.s:2334   .debug_str:0000000000000472 .LASF23
C:\Users\Duckb\AppData\Local\Temp\ccdOhLzb.s:2308   .debug_str:0000000000000411 .LASF24
C:\Users\Duckb\AppData\Local\Temp\ccdOhLzb.s:2192   .debug_str:00000000000001f1 .LASF25
C:\Users\Duckb\AppData\Local\Temp\ccdOhLzb.s:2352   .debug_str:0000000000000550 .LASF26
C:\Users\Duckb\AppData\Local\Temp\ccdOhLzb.s:2206   .debug_str:000000000000022f .LASF28
C:\Users\Duckb\AppData\Local\Temp\ccdOhLzb.s:2148   .debug_str:0000000000000124 .LASF29
C:\Users\Duckb\AppData\Local\Temp\ccdOhLzb.s:2328   .debug_str:000000000000045c .LASF30
C:\Users\Duckb\AppData\Local\Temp\ccdOhLzb.s:2158   .debug_str:0000000000000153 .LASF31
C:\Users\Duckb\AppData\Local\Temp\ccdOhLzb.s:2382   .debug_str:00000000000005d0 .LASF32
C:\Users\Duckb\AppData\Local\Temp\ccdOhLzb.s:2258   .debug_str:000000000000031b .LASF33
C:\Users\Duckb\AppData\Local\Temp\ccdOhLzb.s:2246   .debug_str:00000000000002e7 .LASF34
C:\Users\Duckb\AppData\Local\Temp\ccdOhLzb.s:2354   .debug_str:0000000000000555 .LASF35
C:\Users\Duckb\AppData\Local\Temp\ccdOhLzb.s:2278   .debug_str:0000000000000380 .LASF36
C:\Users\Duckb\AppData\Local\Temp\ccdOhLzb.s:2368   .debug_str:0000000000000590 .LASF37
C:\Users\Duckb\AppData\Local\Temp\ccdOhLzb.s:2162   .debug_str:0000000000000162 .LASF38
C:\Users\Duckb\AppData\Local\Temp\ccdOhLzb.s:2188   .debug_str:00000000000001e4 .LASF39
GAS LISTING C:\Users\Duckb\AppData\Local\Temp\ccdOhLzb.s 			page 4


C:\Users\Duckb\AppData\Local\Temp\ccdOhLzb.s:2114   .debug_str:0000000000000000 .LASF40
C:\Users\Duckb\AppData\Local\Temp\ccdOhLzb.s:2340   .debug_str:000000000000050d .LASF41
C:\Users\Duckb\AppData\Local\Temp\ccdOhLzb.s:2172   .debug_str:0000000000000190 .LASF42
C:\Users\Duckb\AppData\Local\Temp\ccdOhLzb.s:2260   .debug_str:0000000000000324 .LASF43
C:\Users\Duckb\AppData\Local\Temp\ccdOhLzb.s:2300   .debug_str:00000000000003e1 .LASF44
C:\Users\Duckb\AppData\Local\Temp\ccdOhLzb.s:2190   .debug_str:00000000000001ec .LASF45
C:\Users\Duckb\AppData\Local\Temp\ccdOhLzb.s:2280   .debug_str:000000000000038a .LASF46
C:\Users\Duckb\AppData\Local\Temp\ccdOhLzb.s:2156   .debug_str:000000000000014d .LASF47
C:\Users\Duckb\AppData\Local\Temp\ccdOhLzb.s:2116   .debug_str:000000000000000c .LASF48
C:\Users\Duckb\AppData\Local\Temp\ccdOhLzb.s:2288   .debug_str:00000000000003a9 .LASF49
C:\Users\Duckb\AppData\Local\Temp\ccdOhLzb.s:2170   .debug_str:0000000000000189 .LASF50
C:\Users\Duckb\AppData\Local\Temp\ccdOhLzb.s:2218   .debug_str:000000000000026a .LASF51
C:\Users\Duckb\AppData\Local\Temp\ccdOhLzb.s:2134   .debug_str:0000000000000071 .LASF52
C:\Users\Duckb\AppData\Local\Temp\ccdOhLzb.s:2164   .debug_str:0000000000000170 .LASF53
C:\Users\Duckb\AppData\Local\Temp\ccdOhLzb.s:2202   .debug_str:000000000000021f .LASF54
C:\Users\Duckb\AppData\Local\Temp\ccdOhLzb.s:2244   .debug_str:00000000000002e0 .LASF55
C:\Users\Duckb\AppData\Local\Temp\ccdOhLzb.s:2318   .debug_str:0000000000000436 .LASF56
C:\Users\Duckb\AppData\Local\Temp\ccdOhLzb.s:2372   .debug_str:00000000000005aa .LASF57
C:\Users\Duckb\AppData\Local\Temp\ccdOhLzb.s:2154   .debug_str:0000000000000147 .LASF58
C:\Users\Duckb\AppData\Local\Temp\ccdOhLzb.s:2364   .debug_str:0000000000000582 .LASF59
C:\Users\Duckb\AppData\Local\Temp\ccdOhLzb.s:2176   .debug_str:000000000000019f .LASF60
C:\Users\Duckb\AppData\Local\Temp\ccdOhLzb.s:2182   .debug_str:00000000000001bd .LASF61
C:\Users\Duckb\AppData\Local\Temp\ccdOhLzb.s:2126   .debug_str:0000000000000034 .LASF62
C:\Users\Duckb\AppData\Local\Temp\ccdOhLzb.s:2238   .debug_str:00000000000002c9 .LASF63
C:\Users\Duckb\AppData\Local\Temp\ccdOhLzb.s:2292   .debug_str:00000000000003bb .LASF64
C:\Users\Duckb\AppData\Local\Temp\ccdOhLzb.s:2240   .debug_str:00000000000002cf .LASF65
C:\Users\Duckb\AppData\Local\Temp\ccdOhLzb.s:2310   .debug_str:0000000000000419 .LASF66
C:\Users\Duckb\AppData\Local\Temp\ccdOhLzb.s:2324   .debug_str:0000000000000450 .LASF67
C:\Users\Duckb\AppData\Local\Temp\ccdOhLzb.s:2174   .debug_str:0000000000000198 .LASF68
C:\Users\Duckb\AppData\Local\Temp\ccdOhLzb.s:2212   .debug_str:0000000000000248 .LASF69
C:\Users\Duckb\AppData\Local\Temp\ccdOhLzb.s:2196   .debug_str:0000000000000200 .LASF70
C:\Users\Duckb\AppData\Local\Temp\ccdOhLzb.s:2298   .debug_str:00000000000003dc .LASF71
C:\Users\Duckb\AppData\Local\Temp\ccdOhLzb.s:2122   .debug_str:0000000000000021 .LASF72
C:\Users\Duckb\AppData\Local\Temp\ccdOhLzb.s:2306   .debug_str:00000000000003f8 .LASF73
C:\Users\Duckb\AppData\Local\Temp\ccdOhLzb.s:2302   .debug_str:00000000000003e6 .LASF74
C:\Users\Duckb\AppData\Local\Temp\ccdOhLzb.s:2262   .debug_str:000000000000032c .LASF75
C:\Users\Duckb\AppData\Local\Temp\ccdOhLzb.s:2304   .debug_str:00000000000003ee .LASF76
C:\Users\Duckb\AppData\Local\Temp\ccdOhLzb.s:2230   .debug_str:00000000000002ac .LASF77
C:\Users\Duckb\AppData\Local\Temp\ccdOhLzb.s:2204   .debug_str:0000000000000225 .LASF78
C:\Users\Duckb\AppData\Local\Temp\ccdOhLzb.s:2380   .debug_str:00000000000005cb .LASF79
C:\Users\Duckb\AppData\Local\Temp\ccdOhLzb.s:2266   .debug_str:000000000000033e .LASF80
C:\Users\Duckb\AppData\Local\Temp\ccdOhLzb.s:2214   .debug_str:0000000000000250 .LASF81
C:\Users\Duckb\AppData\Local\Temp\ccdOhLzb.s:2180   .debug_str:00000000000001b5 .LASF82
C:\Users\Duckb\AppData\Local\Temp\ccdOhLzb.s:2272   .debug_str:0000000000000368 .LASF83
C:\Users\Duckb\AppData\Local\Temp\ccdOhLzb.s:2224   .debug_str:000000000000028a .LASF84
C:\Users\Duckb\AppData\Local\Temp\ccdOhLzb.s:2362   .debug_str:0000000000000578 .LASF85
C:\Users\Duckb\AppData\Local\Temp\ccdOhLzb.s:2166   .debug_str:0000000000000178 .LASF86
C:\Users\Duckb\AppData\Local\Temp\ccdOhLzb.s:2160   .debug_str:000000000000015d .LASF87
C:\Users\Duckb\AppData\Local\Temp\ccdOhLzb.s:2326   .debug_str:0000000000000457 .LASF88
C:\Users\Duckb\AppData\Local\Temp\ccdOhLzb.s:2284   .debug_str:0000000000000397 .LASF89
C:\Users\Duckb\AppData\Local\Temp\ccdOhLzb.s:2356   .debug_str:000000000000055f .LASF90
C:\Users\Duckb\AppData\Local\Temp\ccdOhLzb.s:2220   .debug_str:0000000000000270 .LASF91
C:\Users\Duckb\AppData\Local\Temp\ccdOhLzb.s:2282   .debug_str:0000000000000391 .LASF92
C:\Users\Duckb\AppData\Local\Temp\ccdOhLzb.s:2120   .debug_str:0000000000000019 .LASF93
C:\Users\Duckb\AppData\Local\Temp\ccdOhLzb.s:2312   .debug_str:0000000000000420 .LASF94
C:\Users\Duckb\AppData\Local\Temp\ccdOhLzb.s:2332   .debug_str:000000000000046c .LASF95
C:\Users\Duckb\AppData\Local\Temp\ccdOhLzb.s:2342   .debug_str:0000000000000516 .LASF96
GAS LISTING C:\Users\Duckb\AppData\Local\Temp\ccdOhLzb.s 			page 5


C:\Users\Duckb\AppData\Local\Temp\ccdOhLzb.s:2350   .debug_str:0000000000000543 .LASF97
C:\Users\Duckb\AppData\Local\Temp\ccdOhLzb.s:2336   .debug_str:0000000000000478 .LASF98
C:\Users\Duckb\AppData\Local\Temp\ccdOhLzb.s:2228   .debug_str:000000000000029f .LASF99
C:\Users\Duckb\AppData\Local\Temp\ccdOhLzb.s:2370   .debug_str:000000000000059b .LASF100
C:\Users\Duckb\AppData\Local\Temp\ccdOhLzb.s:2200   .debug_str:0000000000000210 .LASF101
C:\Users\Duckb\AppData\Local\Temp\ccdOhLzb.s:2294   .debug_str:00000000000003c4 .LASF102
C:\Users\Duckb\AppData\Local\Temp\ccdOhLzb.s:2374   .debug_str:00000000000005b1 .LASF103
C:\Users\Duckb\AppData\Local\Temp\ccdOhLzb.s:2296   .debug_str:00000000000003cf .LASF104
C:\Users\Duckb\AppData\Local\Temp\ccdOhLzb.s:2378   .debug_str:00000000000005bd .LASF105
C:\Users\Duckb\AppData\Local\Temp\ccdOhLzb.s:2146   .debug_str:0000000000000116 .LASF106
C:\Users\Duckb\AppData\Local\Temp\ccdOhLzb.s:2360   .debug_str:000000000000056e .LASF107
C:\Users\Duckb\AppData\Local\Temp\ccdOhLzb.s:2226   .debug_str:0000000000000293 .LASF108
C:\Users\Duckb\AppData\Local\Temp\ccdOhLzb.s:2346   .debug_str:0000000000000523 .LASF109
C:\Users\Duckb\AppData\Local\Temp\ccdOhLzb.s:2186   .debug_str:00000000000001d6 .LASF110
C:\Users\Duckb\AppData\Local\Temp\ccdOhLzb.s:2140   .debug_str:000000000000008b .LASF111
C:\Users\Duckb\AppData\Local\Temp\ccdOhLzb.s:2184   .debug_str:00000000000001c5 .LASF112
C:\Users\Duckb\AppData\Local\Temp\ccdOhLzb.s:2128   .debug_str:000000000000003a .LASF113
C:\Users\Duckb\AppData\Local\Temp\ccdOhLzb.s:2130   .debug_str:0000000000000049 .LASF114
C:\Users\Duckb\AppData\Local\Temp\ccdOhLzb.s:2274   .debug_str:000000000000036d .LASF115
C:\Users\Duckb\AppData\Local\Temp\ccdOhLzb.s:2256   .debug_str:0000000000000314 .LASF116
C:\Users\Duckb\AppData\Local\Temp\ccdOhLzb.s:2248   .debug_str:00000000000002f1 .LASF117
C:\Users\Duckb\AppData\Local\Temp\ccdOhLzb.s:2366   .debug_str:0000000000000588 .LASF118
C:\Users\Duckb\AppData\Local\Temp\ccdOhLzb.s:2136   .debug_str:000000000000007a .LASF133
C:\Users\Duckb\AppData\Local\Temp\ccdOhLzb.s:2320   .debug_str:000000000000043c .LASF119
C:\Users\Duckb\AppData\Local\Temp\ccdOhLzb.s:2348   .debug_str:0000000000000530 .LASF120
C:\Users\Duckb\AppData\Local\Temp\ccdOhLzb.s:2178   .debug_str:00000000000001a8 .LASF121
C:\Users\Duckb\AppData\Local\Temp\ccdOhLzb.s:2290   .debug_str:00000000000003b1 .LASF122
C:\Users\Duckb\AppData\Local\Temp\ccdOhLzb.s:2124   .debug_str:000000000000002c .LASF123
C:\Users\Duckb\AppData\Local\Temp\ccdOhLzb.s:2234   .debug_str:00000000000002ba .LASF124
C:\Users\Duckb\AppData\Local\Temp\ccdOhLzb.s:2250   .debug_str:00000000000002fa .LASF125
C:\Users\Duckb\AppData\Local\Temp\ccdOhLzb.s:2254   .debug_str:000000000000030d .LASF126
C:\Users\Duckb\AppData\Local\Temp\ccdOhLzb.s:2330   .debug_str:0000000000000465 .LASF127
C:\Users\Duckb\AppData\Local\Temp\ccdOhLzb.s:2376   .debug_str:00000000000005b6 .LASF128
C:\Users\Duckb\AppData\Local\Temp\ccdOhLzb.s:2242   .debug_str:00000000000002d7 .LASF129
C:\Users\Duckb\AppData\Local\Temp\ccdOhLzb.s:14     .text._read:0000000000000000 .LFB1
C:\Users\Duckb\AppData\Local\Temp\ccdOhLzb.s:27     .text._read:0000000000000004 .LFE1
C:\Users\Duckb\AppData\Local\Temp\ccdOhLzb.s:2079   .debug_loc:0000000000000000 .LLST0
C:\Users\Duckb\AppData\Local\Temp\ccdOhLzb.s:2138   .debug_str:0000000000000085 .LASF134
C:\Users\Duckb\AppData\Local\Temp\ccdOhLzb.s:18     .text._read:0000000000000000 .LVL0
C:\Users\Duckb\AppData\Local\Temp\ccdOhLzb.s:24     .text._read:0000000000000002 .LVL1
C:\Users\Duckb\AppData\Local\Temp\ccdOhLzb.s:39     .debug_info:0000000000000000 .Ldebug_info0

NO UNDEFINED SYMBOLS
