GAS LISTING C:\Users\Duckb\AppData\Local\Temp\cc1zziWn.s 			page 1


   1              		.file	"fstat.c"
   2              		.option nopic
   3              		.attribute arch, "rv32i2p0_m2p0_a2p0_c2p0"
   4              		.attribute unaligned_access, 0
   5              		.attribute stack_align, 16
   6              		.text
   7              	.Ltext0:
   8              		.cfi_sections	.debug_frame
   9              		.section	.text._fstat,"ax",@progbits
  10              		.align	1
  11              		.globl	_fstat
  13              	_fstat:
  14              	.LFB1:
  15              		.file 1 "./../../firmware/RISCV/stubs/fstat.c"
   1:./../../firmware/RISCV/stubs/fstat.c **** /* See LICENSE of license details. */
   2:./../../firmware/RISCV/stubs/fstat.c **** 
   3:./../../firmware/RISCV/stubs/fstat.c **** #include <errno.h>
   4:./../../firmware/RISCV/stubs/fstat.c **** #include <unistd.h>
   5:./../../firmware/RISCV/stubs/fstat.c **** #include <sys/stat.h>
   6:./../../firmware/RISCV/stubs/fstat.c **** #include "stub.h"
   7:./../../firmware/RISCV/stubs/fstat.c **** 
   8:./../../firmware/RISCV/stubs/fstat.c **** int _fstat(int fd, struct stat* st)
   9:./../../firmware/RISCV/stubs/fstat.c **** {
  16              		.loc 1 9 1
  17              		.cfi_startproc
  18              	.LVL0:
  10:./../../firmware/RISCV/stubs/fstat.c ****   if (isatty(fd)) {
  19              		.loc 1 10 3
   9:./../../firmware/RISCV/stubs/fstat.c ****   if (isatty(fd)) {
  20              		.loc 1 9 1 is_stmt 0
  21 0000 0111     		addi	sp,sp,-32
  22              	.LCFI0:
  23              		.cfi_def_cfa_offset 32
  24 0002 06CE     		sw	ra,28(sp)
  25              		.cfi_offset 1, -4
   9:./../../firmware/RISCV/stubs/fstat.c ****   if (isatty(fd)) {
  26              		.loc 1 9 1
  27 0004 2EC6     		sw	a1,12(sp)
  28              		.loc 1 10 7
  29 0006 97000000 		call	isatty
  29      E7800000 
  30              	.LVL1:
  31              		.loc 1 10 6
  32 000e 01C9     		beq	a0,zero,.L3
  11:./../../firmware/RISCV/stubs/fstat.c ****     st->st_mode = S_IFCHR;
  33              		.loc 1 11 5 is_stmt 1
  34              		.loc 1 11 17 is_stmt 0
  35 0010 B245     		lw	a1,12(sp)
  36 0012 8967     		li	a5,8192
  12:./../../firmware/RISCV/stubs/fstat.c ****     return 0;
  37              		.loc 1 12 12
  38 0014 0145     		li	a0,0
  11:./../../firmware/RISCV/stubs/fstat.c ****     st->st_mode = S_IFCHR;
  39              		.loc 1 11 17
  40 0016 DCC1     		sw	a5,4(a1)
  41              		.loc 1 12 5 is_stmt 1
  42              	.L1:
GAS LISTING C:\Users\Duckb\AppData\Local\Temp\cc1zziWn.s 			page 2


  13:./../../firmware/RISCV/stubs/fstat.c ****   }
  14:./../../firmware/RISCV/stubs/fstat.c **** 
  15:./../../firmware/RISCV/stubs/fstat.c ****   return _stub(EBADF);
  16:./../../firmware/RISCV/stubs/fstat.c **** }
  43              		.loc 1 16 1 is_stmt 0
  44 0018 F240     		lw	ra,28(sp)
  45              		.cfi_remember_state
  46              		.cfi_restore 1
  47 001a 0561     		addi	sp,sp,32
  48              	.LCFI1:
  49              		.cfi_def_cfa_offset 0
  50              	.LVL2:
  51 001c 8280     		jr	ra
  52              	.LVL3:
  53              	.L3:
  54              	.LCFI2:
  55              		.cfi_restore_state
  15:./../../firmware/RISCV/stubs/fstat.c **** }
  56              		.loc 1 15 10
  57 001e 7D55     		li	a0,-1
  58 0020 E5BF     		j	.L1
  59              		.cfi_endproc
  60              	.LFE1:
  62              		.text
  63              	.Letext0:
  64              		.file 2 "c:\\programming\\assembler\\toolchain-gd32v-v202-win\\toolchain-gd32v-v202-win\\compiler\
  65              		.file 3 "c:\\programming\\assembler\\toolchain-gd32v-v202-win\\toolchain-gd32v-v202-win\\compiler\
  66              		.file 4 "c:\\programming\\assembler\\toolchain-gd32v-v202-win\\toolchain-gd32v-v202-win\\compiler\
  67              		.file 5 "c:\\programming\\assembler\\toolchain-gd32v-v202-win\\toolchain-gd32v-v202-win\\compiler\
  68              		.file 6 "c:\\programming\\assembler\\toolchain-gd32v-v202-win\\toolchain-gd32v-v202-win\\compiler\
  69              		.file 7 "c:\\programming\\assembler\\toolchain-gd32v-v202-win\\toolchain-gd32v-v202-win\\compiler\
  70              		.file 8 "c:\\programming\\assembler\\toolchain-gd32v-v202-win\\toolchain-gd32v-v202-win\\compiler\
  71              		.file 9 "c:\\programming\\assembler\\toolchain-gd32v-v202-win\\toolchain-gd32v-v202-win\\compiler\
  72              		.file 10 "c:\\programming\\assembler\\toolchain-gd32v-v202-win\\toolchain-gd32v-v202-win\\compiler
  73              		.file 11 "c:\\programming\\assembler\\toolchain-gd32v-v202-win\\toolchain-gd32v-v202-win\\compiler
  74              		.file 12 "c:\\programming\\assembler\\toolchain-gd32v-v202-win\\toolchain-gd32v-v202-win\\compiler
  75              		.file 13 "./../../firmware/RISCV/stubs/stub.h"
GAS LISTING C:\Users\Duckb\AppData\Local\Temp\cc1zziWn.s 			page 3


DEFINED SYMBOLS
                            *ABS*:0000000000000000 fstat.c
C:\Users\Duckb\AppData\Local\Temp\cc1zziWn.s:13     .text._fstat:0000000000000000 _fstat
C:\Users\Duckb\AppData\Local\Temp\cc1zziWn.s:17     .text._fstat:0000000000000000 .L0 
C:\Users\Duckb\AppData\Local\Temp\cc1zziWn.s:19     .text._fstat:0000000000000000 .L0 
C:\Users\Duckb\AppData\Local\Temp\cc1zziWn.s:20     .text._fstat:0000000000000000 .L0 
C:\Users\Duckb\AppData\Local\Temp\cc1zziWn.s:21     .text._fstat:0000000000000000 .L0 
C:\Users\Duckb\AppData\Local\Temp\cc1zziWn.s:23     .text._fstat:0000000000000002 .L0 
C:\Users\Duckb\AppData\Local\Temp\cc1zziWn.s:25     .text._fstat:0000000000000004 .L0 
C:\Users\Duckb\AppData\Local\Temp\cc1zziWn.s:27     .text._fstat:0000000000000004 .L0 
C:\Users\Duckb\AppData\Local\Temp\cc1zziWn.s:29     .text._fstat:0000000000000006 .L0 
C:\Users\Duckb\AppData\Local\Temp\cc1zziWn.s:32     .text._fstat:000000000000000e .L0 
C:\Users\Duckb\AppData\Local\Temp\cc1zziWn.s:34     .text._fstat:0000000000000010 .L0 
C:\Users\Duckb\AppData\Local\Temp\cc1zziWn.s:35     .text._fstat:0000000000000010 .L0 
C:\Users\Duckb\AppData\Local\Temp\cc1zziWn.s:38     .text._fstat:0000000000000014 .L0 
C:\Users\Duckb\AppData\Local\Temp\cc1zziWn.s:40     .text._fstat:0000000000000016 .L0 
C:\Users\Duckb\AppData\Local\Temp\cc1zziWn.s:43     .text._fstat:0000000000000018 .L0 
C:\Users\Duckb\AppData\Local\Temp\cc1zziWn.s:44     .text._fstat:0000000000000018 .L0 
C:\Users\Duckb\AppData\Local\Temp\cc1zziWn.s:45     .text._fstat:000000000000001a .L0 
C:\Users\Duckb\AppData\Local\Temp\cc1zziWn.s:46     .text._fstat:000000000000001a .L0 
C:\Users\Duckb\AppData\Local\Temp\cc1zziWn.s:49     .text._fstat:000000000000001c .L0 
C:\Users\Duckb\AppData\Local\Temp\cc1zziWn.s:55     .text._fstat:000000000000001e .L0 
C:\Users\Duckb\AppData\Local\Temp\cc1zziWn.s:57     .text._fstat:000000000000001e .L0 
C:\Users\Duckb\AppData\Local\Temp\cc1zziWn.s:59     .text._fstat:0000000000000022 .L0 
C:\Users\Duckb\AppData\Local\Temp\cc1zziWn.s:62     .text._fstat:0000000000000022 .L0 
                     .debug_frame:0000000000000000 .L0 
C:\Users\Duckb\AppData\Local\Temp\cc1zziWn.s:53     .text._fstat:000000000000001e .L3
C:\Users\Duckb\AppData\Local\Temp\cc1zziWn.s:42     .text._fstat:0000000000000018 .L1
C:\Users\Duckb\AppData\Local\Temp\cc1zziWn.s:1932   .debug_abbrev:0000000000000000 .Ldebug_abbrev0
C:\Users\Duckb\AppData\Local\Temp\cc1zziWn.s:2842   .debug_str:00000000000005c8 .LASF170
C:\Users\Duckb\AppData\Local\Temp\cc1zziWn.s:2734   .debug_str:00000000000003c8 .LASF171
C:\Users\Duckb\AppData\Local\Temp\cc1zziWn.s:2560   .debug_str:0000000000000044 .LASF172
C:\Users\Duckb\AppData\Local\Temp\cc1zziWn.s:2536   .debug_ranges:0000000000000000 .Ldebug_ranges0
C:\Users\Duckb\AppData\Local\Temp\cc1zziWn.s:2542   .debug_line:0000000000000000 .Ldebug_line0
C:\Users\Duckb\AppData\Local\Temp\cc1zziWn.s:2672   .debug_str:00000000000002b6 .LASF0
C:\Users\Duckb\AppData\Local\Temp\cc1zziWn.s:2694   .debug_str:0000000000000315 .LASF1
C:\Users\Duckb\AppData\Local\Temp\cc1zziWn.s:2594   .debug_str:0000000000000152 .LASF2
C:\Users\Duckb\AppData\Local\Temp\cc1zziWn.s:2728   .debug_str:00000000000003ae .LASF3
C:\Users\Duckb\AppData\Local\Temp\cc1zziWn.s:2708   .debug_str:0000000000000360 .LASF8
C:\Users\Duckb\AppData\Local\Temp\cc1zziWn.s:2596   .debug_str:0000000000000160 .LASF4
C:\Users\Duckb\AppData\Local\Temp\cc1zziWn.s:2756   .debug_str:000000000000044d .LASF5
C:\Users\Duckb\AppData\Local\Temp\cc1zziWn.s:2764   .debug_str:0000000000000470 .LASF6
C:\Users\Duckb\AppData\Local\Temp\cc1zziWn.s:2616   .debug_str:00000000000001b9 .LASF7
C:\Users\Duckb\AppData\Local\Temp\cc1zziWn.s:2648   .debug_str:000000000000024c .LASF9
C:\Users\Duckb\AppData\Local\Temp\cc1zziWn.s:2682   .debug_str:00000000000002e3 .LASF10
C:\Users\Duckb\AppData\Local\Temp\cc1zziWn.s:2572   .debug_str:00000000000000d4 .LASF11
C:\Users\Duckb\AppData\Local\Temp\cc1zziWn.s:2584   .debug_str:000000000000011e .LASF12
C:\Users\Duckb\AppData\Local\Temp\cc1zziWn.s:2614   .debug_str:00000000000001ae .LASF13
C:\Users\Duckb\AppData\Local\Temp\cc1zziWn.s:2740   .debug_str:00000000000003fe .LASF14
C:\Users\Duckb\AppData\Local\Temp\cc1zziWn.s:2742   .debug_str:000000000000040a .LASF15
C:\Users\Duckb\AppData\Local\Temp\cc1zziWn.s:2660   .debug_str:0000000000000285 .LASF16
C:\Users\Duckb\AppData\Local\Temp\cc1zziWn.s:2834   .debug_str:00000000000005a5 .LASF17
C:\Users\Duckb\AppData\Local\Temp\cc1zziWn.s:2548   .debug_str:0000000000000014 .LASF18
C:\Users\Duckb\AppData\Local\Temp\cc1zziWn.s:2804   .debug_str:000000000000052e .LASF19
C:\Users\Duckb\AppData\Local\Temp\cc1zziWn.s:2600   .debug_str:0000000000000172 .LASF20
C:\Users\Duckb\AppData\Local\Temp\cc1zziWn.s:2546   .debug_str:000000000000000c .LASF21
C:\Users\Duckb\AppData\Local\Temp\cc1zziWn.s:2818   .debug_str:0000000000000568 .LASF22
GAS LISTING C:\Users\Duckb\AppData\Local\Temp\cc1zziWn.s 			page 4


C:\Users\Duckb\AppData\Local\Temp\cc1zziWn.s:2862   .debug_str:00000000000006a8 .LASF23
C:\Users\Duckb\AppData\Local\Temp\cc1zziWn.s:2704   .debug_str:0000000000000352 .LASF24
C:\Users\Duckb\AppData\Local\Temp\cc1zziWn.s:2674   .debug_str:00000000000002c3 .LASF25
C:\Users\Duckb\AppData\Local\Temp\cc1zziWn.s:2808   .debug_str:000000000000053c .LASF26
C:\Users\Duckb\AppData\Local\Temp\cc1zziWn.s:2810   .debug_str:0000000000000544 .LASF27
C:\Users\Duckb\AppData\Local\Temp\cc1zziWn.s:2776   .debug_str:00000000000004a3 .LASF28
C:\Users\Duckb\AppData\Local\Temp\cc1zziWn.s:2890   .debug_str:0000000000000725 .LASF29
C:\Users\Duckb\AppData\Local\Temp\cc1zziWn.s:2848   .debug_str:000000000000065e .LASF30
C:\Users\Duckb\AppData\Local\Temp\cc1zziWn.s:2752   .debug_str:0000000000000432 .LASF31
C:\Users\Duckb\AppData\Local\Temp\cc1zziWn.s:2652   .debug_str:000000000000025d .LASF32
C:\Users\Duckb\AppData\Local\Temp\cc1zziWn.s:2656   .debug_str:000000000000026e .LASF37
C:\Users\Duckb\AppData\Local\Temp\cc1zziWn.s:2836   .debug_str:00000000000005ad .LASF33
C:\Users\Duckb\AppData\Local\Temp\cc1zziWn.s:2800   .debug_str:000000000000051f .LASF34
C:\Users\Duckb\AppData\Local\Temp\cc1zziWn.s:2650   .debug_str:0000000000000257 .LASF35
C:\Users\Duckb\AppData\Local\Temp\cc1zziWn.s:2856   .debug_str:0000000000000693 .LASF36
C:\Users\Duckb\AppData\Local\Temp\cc1zziWn.s:2670   .debug_str:00000000000002b1 .LASF38
C:\Users\Duckb\AppData\Local\Temp\cc1zziWn.s:2590   .debug_str:0000000000000144 .LASF39
C:\Users\Duckb\AppData\Local\Temp\cc1zziWn.s:2828   .debug_str:000000000000058f .LASF40
C:\Users\Duckb\AppData\Local\Temp\cc1zziWn.s:2604   .debug_str:0000000000000181 .LASF41
C:\Users\Duckb\AppData\Local\Temp\cc1zziWn.s:2894   .debug_str:0000000000000738 .LASF42
C:\Users\Duckb\AppData\Local\Temp\cc1zziWn.s:2736   .debug_str:00000000000003ed .LASF43
C:\Users\Duckb\AppData\Local\Temp\cc1zziWn.s:2722   .debug_str:0000000000000394 .LASF44
C:\Users\Duckb\AppData\Local\Temp\cc1zziWn.s:2858   .debug_str:0000000000000698 .LASF45
C:\Users\Duckb\AppData\Local\Temp\cc1zziWn.s:2766   .debug_str:000000000000047a .LASF46
C:\Users\Duckb\AppData\Local\Temp\cc1zziWn.s:2874   .debug_str:00000000000006dd .LASF47
C:\Users\Duckb\AppData\Local\Temp\cc1zziWn.s:2608   .debug_str:0000000000000190 .LASF48
C:\Users\Duckb\AppData\Local\Temp\cc1zziWn.s:2642   .debug_str:0000000000000239 .LASF49
C:\Users\Duckb\AppData\Local\Temp\cc1zziWn.s:2544   .debug_str:0000000000000000 .LASF50
C:\Users\Duckb\AppData\Local\Temp\cc1zziWn.s:2844   .debug_str:0000000000000650 .LASF51
C:\Users\Duckb\AppData\Local\Temp\cc1zziWn.s:2622   .debug_str:00000000000001d3 .LASF52
C:\Users\Duckb\AppData\Local\Temp\cc1zziWn.s:2738   .debug_str:00000000000003f6 .LASF53
C:\Users\Duckb\AppData\Local\Temp\cc1zziWn.s:2792   .debug_str:00000000000004ef .LASF54
C:\Users\Duckb\AppData\Local\Temp\cc1zziWn.s:2644   .debug_str:0000000000000241 .LASF55
C:\Users\Duckb\AppData\Local\Temp\cc1zziWn.s:2768   .debug_str:0000000000000484 .LASF56
C:\Users\Duckb\AppData\Local\Temp\cc1zziWn.s:2602   .debug_str:000000000000017b .LASF57
C:\Users\Duckb\AppData\Local\Temp\cc1zziWn.s:2550   .debug_str:000000000000001c .LASF58
C:\Users\Duckb\AppData\Local\Temp\cc1zziWn.s:2778   .debug_str:00000000000004ae .LASF59
C:\Users\Duckb\AppData\Local\Temp\cc1zziWn.s:2620   .debug_str:00000000000001cc .LASF60
C:\Users\Duckb\AppData\Local\Temp\cc1zziWn.s:2684   .debug_str:00000000000002f5 .LASF61
C:\Users\Duckb\AppData\Local\Temp\cc1zziWn.s:2576   .debug_str:00000000000000f5 .LASF62
C:\Users\Duckb\AppData\Local\Temp\cc1zziWn.s:2610   .debug_str:000000000000019e .LASF63
C:\Users\Duckb\AppData\Local\Temp\cc1zziWn.s:2662   .debug_str:000000000000028d .LASF64
C:\Users\Duckb\AppData\Local\Temp\cc1zziWn.s:2720   .debug_str:000000000000038d .LASF65
C:\Users\Duckb\AppData\Local\Temp\cc1zziWn.s:2812   .debug_str:000000000000054c .LASF66
C:\Users\Duckb\AppData\Local\Temp\cc1zziWn.s:2878   .debug_str:00000000000006f7 .LASF67
C:\Users\Duckb\AppData\Local\Temp\cc1zziWn.s:2598   .debug_str:000000000000016c .LASF68
C:\Users\Duckb\AppData\Local\Temp\cc1zziWn.s:2870   .debug_str:00000000000006cf .LASF69
C:\Users\Duckb\AppData\Local\Temp\cc1zziWn.s:2628   .debug_str:00000000000001e9 .LASF70
C:\Users\Duckb\AppData\Local\Temp\cc1zziWn.s:2636   .debug_str:0000000000000212 .LASF71
C:\Users\Duckb\AppData\Local\Temp\cc1zziWn.s:2566   .debug_str:00000000000000ae .LASF72
C:\Users\Duckb\AppData\Local\Temp\cc1zziWn.s:2710   .debug_str:0000000000000367 .LASF73
C:\Users\Duckb\AppData\Local\Temp\cc1zziWn.s:2782   .debug_str:00000000000004c0 .LASF74
C:\Users\Duckb\AppData\Local\Temp\cc1zziWn.s:2714   .debug_str:0000000000000374 .LASF75
C:\Users\Duckb\AppData\Local\Temp\cc1zziWn.s:2802   .debug_str:0000000000000527 .LASF76
C:\Users\Duckb\AppData\Local\Temp\cc1zziWn.s:2822   .debug_str:0000000000000579 .LASF77
C:\Users\Duckb\AppData\Local\Temp\cc1zziWn.s:2624   .debug_str:00000000000001db .LASF78
C:\Users\Duckb\AppData\Local\Temp\cc1zziWn.s:2676   .debug_str:00000000000002ca .LASF79
GAS LISTING C:\Users\Duckb\AppData\Local\Temp\cc1zziWn.s 			page 5


C:\Users\Duckb\AppData\Local\Temp\cc1zziWn.s:2654   .debug_str:0000000000000266 .LASF80
C:\Users\Duckb\AppData\Local\Temp\cc1zziWn.s:2790   .debug_str:00000000000004ea .LASF81
C:\Users\Duckb\AppData\Local\Temp\cc1zziWn.s:2558   .debug_str:0000000000000039 .LASF82
C:\Users\Duckb\AppData\Local\Temp\cc1zziWn.s:2798   .debug_str:0000000000000506 .LASF83
C:\Users\Duckb\AppData\Local\Temp\cc1zziWn.s:2794   .debug_str:00000000000004f4 .LASF84
C:\Users\Duckb\AppData\Local\Temp\cc1zziWn.s:2630   .debug_str:00000000000001f2 .LASF85
C:\Users\Duckb\AppData\Local\Temp\cc1zziWn.s:2796   .debug_str:00000000000004fc .LASF86
C:\Users\Duckb\AppData\Local\Temp\cc1zziWn.s:2702   .debug_str:000000000000034a .LASF87
C:\Users\Duckb\AppData\Local\Temp\cc1zziWn.s:2664   .debug_str:0000000000000293 .LASF88
C:\Users\Duckb\AppData\Local\Temp\cc1zziWn.s:2888   .debug_str:0000000000000720 .LASF89
C:\Users\Duckb\AppData\Local\Temp\cc1zziWn.s:2748   .debug_str:000000000000041e .LASF90
C:\Users\Duckb\AppData\Local\Temp\cc1zziWn.s:2680   .debug_str:00000000000002db .LASF91
C:\Users\Duckb\AppData\Local\Temp\cc1zziWn.s:2634   .debug_str:000000000000020a .LASF92
C:\Users\Duckb\AppData\Local\Temp\cc1zziWn.s:2758   .debug_str:000000000000045b .LASF93
C:\Users\Duckb\AppData\Local\Temp\cc1zziWn.s:2696   .debug_str:0000000000000328 .LASF94
C:\Users\Duckb\AppData\Local\Temp\cc1zziWn.s:2866   .debug_str:00000000000006bb .LASF95
C:\Users\Duckb\AppData\Local\Temp\cc1zziWn.s:2612   .debug_str:00000000000001a6 .LASF96
C:\Users\Duckb\AppData\Local\Temp\cc1zziWn.s:2606   .debug_str:000000000000018b .LASF97
C:\Users\Duckb\AppData\Local\Temp\cc1zziWn.s:2824   .debug_str:0000000000000580 .LASF98
C:\Users\Duckb\AppData\Local\Temp\cc1zziWn.s:2774   .debug_str:000000000000049c .LASF99
C:\Users\Duckb\AppData\Local\Temp\cc1zziWn.s:2860   .debug_str:00000000000006a2 .LASF100
C:\Users\Duckb\AppData\Local\Temp\cc1zziWn.s:2690   .debug_str:0000000000000308 .LASF101
C:\Users\Duckb\AppData\Local\Temp\cc1zziWn.s:2772   .debug_str:0000000000000496 .LASF102
C:\Users\Duckb\AppData\Local\Temp\cc1zziWn.s:2554   .debug_str:000000000000002a .LASF103
C:\Users\Duckb\AppData\Local\Temp\cc1zziWn.s:2806   .debug_str:0000000000000536 .LASF104
C:\Users\Duckb\AppData\Local\Temp\cc1zziWn.s:2832   .debug_str:000000000000059f .LASF105
C:\Users\Duckb\AppData\Local\Temp\cc1zziWn.s:2846   .debug_str:0000000000000659 .LASF106
C:\Users\Duckb\AppData\Local\Temp\cc1zziWn.s:2854   .debug_str:0000000000000686 .LASF107
C:\Users\Duckb\AppData\Local\Temp\cc1zziWn.s:2838   .debug_str:00000000000005b3 .LASF108
C:\Users\Duckb\AppData\Local\Temp\cc1zziWn.s:2700   .debug_str:000000000000033d .LASF109
C:\Users\Duckb\AppData\Local\Temp\cc1zziWn.s:2876   .debug_str:00000000000006e8 .LASF110
C:\Users\Duckb\AppData\Local\Temp\cc1zziWn.s:2658   .debug_str:0000000000000276 .LASF111
C:\Users\Duckb\AppData\Local\Temp\cc1zziWn.s:2784   .debug_str:00000000000004c9 .LASF112
C:\Users\Duckb\AppData\Local\Temp\cc1zziWn.s:2880   .debug_str:00000000000006fe .LASF113
C:\Users\Duckb\AppData\Local\Temp\cc1zziWn.s:2788   .debug_str:00000000000004dd .LASF114
C:\Users\Duckb\AppData\Local\Temp\cc1zziWn.s:2886   .debug_str:0000000000000712 .LASF115
C:\Users\Duckb\AppData\Local\Temp\cc1zziWn.s:2588   .debug_str:0000000000000136 .LASF116
C:\Users\Duckb\AppData\Local\Temp\cc1zziWn.s:2864   .debug_str:00000000000006b1 .LASF117
C:\Users\Duckb\AppData\Local\Temp\cc1zziWn.s:2698   .debug_str:0000000000000331 .LASF118
C:\Users\Duckb\AppData\Local\Temp\cc1zziWn.s:2850   .debug_str:0000000000000666 .LASF119
C:\Users\Duckb\AppData\Local\Temp\cc1zziWn.s:2640   .debug_str:000000000000022b .LASF120
C:\Users\Duckb\AppData\Local\Temp\cc1zziWn.s:2582   .debug_str:000000000000010f .LASF121
C:\Users\Duckb\AppData\Local\Temp\cc1zziWn.s:2638   .debug_str:000000000000021a .LASF122
C:\Users\Duckb\AppData\Local\Temp\cc1zziWn.s:2568   .debug_str:00000000000000b4 .LASF123
C:\Users\Duckb\AppData\Local\Temp\cc1zziWn.s:2570   .debug_str:00000000000000c3 .LASF124
C:\Users\Duckb\AppData\Local\Temp\cc1zziWn.s:2762   .debug_str:0000000000000467 .LASF125
C:\Users\Duckb\AppData\Local\Temp\cc1zziWn.s:2732   .debug_str:00000000000003c1 .LASF126
C:\Users\Duckb\AppData\Local\Temp\cc1zziWn.s:2724   .debug_str:000000000000039e .LASF127
C:\Users\Duckb\AppData\Local\Temp\cc1zziWn.s:2872   .debug_str:00000000000006d5 .LASF128
C:\Users\Duckb\AppData\Local\Temp\cc1zziWn.s:2578   .debug_str:00000000000000fe .LASF173
C:\Users\Duckb\AppData\Local\Temp\cc1zziWn.s:2814   .debug_str:0000000000000552 .LASF129
C:\Users\Duckb\AppData\Local\Temp\cc1zziWn.s:2852   .debug_str:0000000000000673 .LASF130
C:\Users\Duckb\AppData\Local\Temp\cc1zziWn.s:2632   .debug_str:00000000000001fd .LASF131
C:\Users\Duckb\AppData\Local\Temp\cc1zziWn.s:2780   .debug_str:00000000000004b6 .LASF132
C:\Users\Duckb\AppData\Local\Temp\cc1zziWn.s:2746   .debug_str:0000000000000417 .LASF133
C:\Users\Duckb\AppData\Local\Temp\cc1zziWn.s:2678   .debug_str:00000000000002d2 .LASF134
C:\Users\Duckb\AppData\Local\Temp\cc1zziWn.s:2868   .debug_str:00000000000006c5 .LASF135
GAS LISTING C:\Users\Duckb\AppData\Local\Temp\cc1zziWn.s 			page 6


C:\Users\Duckb\AppData\Local\Temp\cc1zziWn.s:2896   .debug_str:0000000000000742 .LASF136
C:\Users\Duckb\AppData\Local\Temp\cc1zziWn.s:2686   .debug_str:00000000000002fb .LASF137
C:\Users\Duckb\AppData\Local\Temp\cc1zziWn.s:2744   .debug_str:0000000000000411 .LASF138
C:\Users\Duckb\AppData\Local\Temp\cc1zziWn.s:2692   .debug_str:000000000000030f .LASF139
C:\Users\Duckb\AppData\Local\Temp\cc1zziWn.s:2646   .debug_str:0000000000000246 .LASF140
C:\Users\Duckb\AppData\Local\Temp\cc1zziWn.s:2556   .debug_str:0000000000000032 .LASF141
C:\Users\Duckb\AppData\Local\Temp\cc1zziWn.s:2552   .debug_str:0000000000000022 .LASF142
C:\Users\Duckb\AppData\Local\Temp\cc1zziWn.s:2706   .debug_str:0000000000000358 .LASF143
C:\Users\Duckb\AppData\Local\Temp\cc1zziWn.s:2726   .debug_str:00000000000003a7 .LASF144
C:\Users\Duckb\AppData\Local\Temp\cc1zziWn.s:2730   .debug_str:00000000000003ba .LASF145
C:\Users\Duckb\AppData\Local\Temp\cc1zziWn.s:2830   .debug_str:0000000000000598 .LASF146
C:\Users\Duckb\AppData\Local\Temp\cc1zziWn.s:2882   .debug_str:0000000000000703 .LASF147
C:\Users\Duckb\AppData\Local\Temp\cc1zziWn.s:2718   .debug_str:0000000000000384 .LASF148
C:\Users\Duckb\AppData\Local\Temp\cc1zziWn.s:2750   .debug_str:0000000000000428 .LASF149
C:\Users\Duckb\AppData\Local\Temp\cc1zziWn.s:2816   .debug_str:000000000000055e .LASF150
C:\Users\Duckb\AppData\Local\Temp\cc1zziWn.s:2586   .debug_str:000000000000012e .LASF151
C:\Users\Duckb\AppData\Local\Temp\cc1zziWn.s:2592   .debug_str:000000000000014d .LASF152
C:\Users\Duckb\AppData\Local\Temp\cc1zziWn.s:2562   .debug_str:00000000000000a0 .LASF153
C:\Users\Duckb\AppData\Local\Temp\cc1zziWn.s:2760   .debug_str:0000000000000460 .LASF154
C:\Users\Duckb\AppData\Local\Temp\cc1zziWn.s:2840   .debug_str:00000000000005c0 .LASF155
C:\Users\Duckb\AppData\Local\Temp\cc1zziWn.s:2754   .debug_str:0000000000000444 .LASF156
C:\Users\Duckb\AppData\Local\Temp\cc1zziWn.s:2688   .debug_str:0000000000000301 .LASF157
C:\Users\Duckb\AppData\Local\Temp\cc1zziWn.s:2564   .debug_str:00000000000000a7 .LASF158
C:\Users\Duckb\AppData\Local\Temp\cc1zziWn.s:2884   .debug_str:000000000000070a .LASF159
C:\Users\Duckb\AppData\Local\Temp\cc1zziWn.s:2716   .debug_str:000000000000037c .LASF160
C:\Users\Duckb\AppData\Local\Temp\cc1zziWn.s:2820   .debug_str:0000000000000570 .LASF161
C:\Users\Duckb\AppData\Local\Temp\cc1zziWn.s:2666   .debug_str:000000000000029d .LASF162
C:\Users\Duckb\AppData\Local\Temp\cc1zziWn.s:2892   .debug_str:000000000000072f .LASF163
C:\Users\Duckb\AppData\Local\Temp\cc1zziWn.s:2668   .debug_str:00000000000002a7 .LASF164
C:\Users\Duckb\AppData\Local\Temp\cc1zziWn.s:2786   .debug_str:00000000000004d4 .LASF165
C:\Users\Duckb\AppData\Local\Temp\cc1zziWn.s:2618   .debug_str:00000000000001c2 .LASF166
C:\Users\Duckb\AppData\Local\Temp\cc1zziWn.s:2770   .debug_str:000000000000048b .LASF167
C:\Users\Duckb\AppData\Local\Temp\cc1zziWn.s:2574   .debug_str:00000000000000eb .LASF168
C:\Users\Duckb\AppData\Local\Temp\cc1zziWn.s:2826   .debug_str:0000000000000585 .LASF169
C:\Users\Duckb\AppData\Local\Temp\cc1zziWn.s:2626   .debug_str:00000000000001e2 .LASF174
C:\Users\Duckb\AppData\Local\Temp\cc1zziWn.s:14     .text._fstat:0000000000000000 .LFB1
C:\Users\Duckb\AppData\Local\Temp\cc1zziWn.s:60     .text._fstat:0000000000000022 .LFE1
C:\Users\Duckb\AppData\Local\Temp\cc1zziWn.s:2464   .debug_loc:0000000000000000 .LLST0
C:\Users\Duckb\AppData\Local\Temp\cc1zziWn.s:2487   .debug_loc:0000000000000038 .LLST1
C:\Users\Duckb\AppData\Local\Temp\cc1zziWn.s:2501   .debug_loc:0000000000000059 .LLST2
C:\Users\Duckb\AppData\Local\Temp\cc1zziWn.s:30     .text._fstat:000000000000000e .LVL1
C:\Users\Duckb\AppData\Local\Temp\cc1zziWn.s:2580   .debug_str:0000000000000109 .LASF175
C:\Users\Duckb\AppData\Local\Temp\cc1zziWn.s:2712   .debug_str:000000000000036d .LASF176
C:\Users\Duckb\AppData\Local\Temp\cc1zziWn.s:22     .text._fstat:0000000000000002 .LCFI0
C:\Users\Duckb\AppData\Local\Temp\cc1zziWn.s:48     .text._fstat:000000000000001c .LCFI1
C:\Users\Duckb\AppData\Local\Temp\cc1zziWn.s:54     .text._fstat:000000000000001e .LCFI2
C:\Users\Duckb\AppData\Local\Temp\cc1zziWn.s:18     .text._fstat:0000000000000000 .LVL0
C:\Users\Duckb\AppData\Local\Temp\cc1zziWn.s:50     .text._fstat:000000000000001c .LVL2
C:\Users\Duckb\AppData\Local\Temp\cc1zziWn.s:52     .text._fstat:000000000000001e .LVL3
C:\Users\Duckb\AppData\Local\Temp\cc1zziWn.s:77     .debug_info:0000000000000000 .Ldebug_info0

UNDEFINED SYMBOLS
isatty
