GAS LISTING C:\Users\Duckb\AppData\Local\Temp\cc2LCbUd.s 			page 1


   1              		.file	"close.c"
   2              		.option nopic
   3              		.attribute arch, "rv32i2p0_m2p0_a2p0_c2p0"
   4              		.attribute unaligned_access, 0
   5              		.attribute stack_align, 16
   6              		.text
   7              	.Ltext0:
   8              		.cfi_sections	.debug_frame
   9              		.section	.text._close,"ax",@progbits
  10              		.align	1
  11              		.globl	_close
  13              	_close:
  14              	.LFB1:
  15              		.file 1 "./../../firmware/RISCV/stubs/close.c"
   1:./../../firmware/RISCV/stubs/close.c **** /* See LICENSE of license details. */
   2:./../../firmware/RISCV/stubs/close.c **** 
   3:./../../firmware/RISCV/stubs/close.c **** #include <errno.h>
   4:./../../firmware/RISCV/stubs/close.c **** #include "stub.h"
   5:./../../firmware/RISCV/stubs/close.c **** 
   6:./../../firmware/RISCV/stubs/close.c **** int _close(int fd)
   7:./../../firmware/RISCV/stubs/close.c **** {
  16              		.loc 1 7 1
  17              		.cfi_startproc
  18              	.LVL0:
   8:./../../firmware/RISCV/stubs/close.c ****   return _stub(EBADF);
  19              		.loc 1 8 3
  20              		.file 2 "./../../firmware/RISCV/stubs/stub.h"
   1:./../../firmware/RISCV/stubs/stub.h **** /* See LICENSE of license details. */
   2:./../../firmware/RISCV/stubs/stub.h **** #ifndef _NUCLEI_SYS_STUB_H
   3:./../../firmware/RISCV/stubs/stub.h **** #define _NUCLEI_SYS_STUB_H
   4:./../../firmware/RISCV/stubs/stub.h **** 
   5:./../../firmware/RISCV/stubs/stub.h **** #include <stdint.h>
   6:./../../firmware/RISCV/stubs/stub.h **** #if   defined (__GNUC__)
   7:./../../firmware/RISCV/stubs/stub.h **** #include <unistd.h>
   8:./../../firmware/RISCV/stubs/stub.h **** #endif
   9:./../../firmware/RISCV/stubs/stub.h **** 
  10:./../../firmware/RISCV/stubs/stub.h **** void write_hex(int fd, unsigned long int hex);
  11:./../../firmware/RISCV/stubs/stub.h **** 
  12:./../../firmware/RISCV/stubs/stub.h **** static inline int _stub(int err)
  13:./../../firmware/RISCV/stubs/stub.h **** {
  14:./../../firmware/RISCV/stubs/stub.h ****   return -1;
  21              		.loc 2 14 3
   9:./../../firmware/RISCV/stubs/close.c **** }
  22              		.loc 1 9 1 is_stmt 0
  23 0000 7D55     		li	a0,-1
  24              	.LVL1:
  25 0002 8280     		ret
  26              		.cfi_endproc
  27              	.LFE1:
  29              		.text
  30              	.Letext0:
  31              		.file 3 "c:\\programming\\assembler\\toolchain-gd32v-v202-win\\toolchain-gd32v-v202-win\\compiler\
  32              		.file 4 "c:\\programming\\assembler\\toolchain-gd32v-v202-win\\toolchain-gd32v-v202-win\\compiler\
  33              		.file 5 "c:\\programming\\assembler\\toolchain-gd32v-v202-win\\toolchain-gd32v-v202-win\\compiler\
  34              		.file 6 "c:\\programming\\assembler\\toolchain-gd32v-v202-win\\toolchain-gd32v-v202-win\\compiler\
  35              		.file 7 "c:\\programming\\assembler\\toolchain-gd32v-v202-win\\toolchain-gd32v-v202-win\\compiler\
  36              		.file 8 "c:\\programming\\assembler\\toolchain-gd32v-v202-win\\toolchain-gd32v-v202-win\\compiler\
GAS LISTING C:\Users\Duckb\AppData\Local\Temp\cc2LCbUd.s 			page 2


GAS LISTING C:\Users\Duckb\AppData\Local\Temp\cc2LCbUd.s 			page 3


DEFINED SYMBOLS
                            *ABS*:0000000000000000 close.c
C:\Users\Duckb\AppData\Local\Temp\cc2LCbUd.s:13     .text._close:0000000000000000 _close
C:\Users\Duckb\AppData\Local\Temp\cc2LCbUd.s:17     .text._close:0000000000000000 .L0 
C:\Users\Duckb\AppData\Local\Temp\cc2LCbUd.s:19     .text._close:0000000000000000 .L0 
C:\Users\Duckb\AppData\Local\Temp\cc2LCbUd.s:21     .text._close:0000000000000000 .L0 
C:\Users\Duckb\AppData\Local\Temp\cc2LCbUd.s:22     .text._close:0000000000000000 .L0 
C:\Users\Duckb\AppData\Local\Temp\cc2LCbUd.s:23     .text._close:0000000000000000 .L0 
C:\Users\Duckb\AppData\Local\Temp\cc2LCbUd.s:26     .text._close:0000000000000004 .L0 
C:\Users\Duckb\AppData\Local\Temp\cc2LCbUd.s:29     .text._close:0000000000000004 .L0 
                     .debug_frame:0000000000000000 .L0 
C:\Users\Duckb\AppData\Local\Temp\cc2LCbUd.s:1540   .debug_abbrev:0000000000000000 .Ldebug_abbrev0
C:\Users\Duckb\AppData\Local\Temp\cc2LCbUd.s:2288   .debug_str:000000000000047b .LASF128
C:\Users\Duckb\AppData\Local\Temp\cc2LCbUd.s:2092   .debug_str:000000000000008b .LASF129
C:\Users\Duckb\AppData\Local\Temp\cc2LCbUd.s:2126   .debug_str:0000000000000142 .LASF130
C:\Users\Duckb\AppData\Local\Temp\cc2LCbUd.s:2060   .debug_ranges:0000000000000000 .Ldebug_ranges0
C:\Users\Duckb\AppData\Local\Temp\cc2LCbUd.s:2066   .debug_line:0000000000000000 .Ldebug_line0
C:\Users\Duckb\AppData\Local\Temp\cc2LCbUd.s:2158   .debug_str:000000000000022a .LASF0
C:\Users\Duckb\AppData\Local\Temp\cc2LCbUd.s:2172   .debug_str:000000000000026d .LASF1
C:\Users\Duckb\AppData\Local\Temp\cc2LCbUd.s:2098   .debug_str:00000000000000c7 .LASF2
C:\Users\Duckb\AppData\Local\Temp\cc2LCbUd.s:2202   .debug_str:00000000000002f7 .LASF3
C:\Users\Duckb\AppData\Local\Temp\cc2LCbUd.s:2186   .debug_str:00000000000002b8 .LASF10
C:\Users\Duckb\AppData\Local\Temp\cc2LCbUd.s:2100   .debug_str:00000000000000d5 .LASF4
C:\Users\Duckb\AppData\Local\Temp\cc2LCbUd.s:2220   .debug_str:0000000000000350 .LASF5
C:\Users\Duckb\AppData\Local\Temp\cc2LCbUd.s:2226   .debug_str:000000000000036c .LASF6
C:\Users\Duckb\AppData\Local\Temp\cc2LCbUd.s:2116   .debug_str:000000000000011a .LASF7
C:\Users\Duckb\AppData\Local\Temp\cc2LCbUd.s:2166   .debug_str:000000000000024e .LASF8
C:\Users\Duckb\AppData\Local\Temp\cc2LCbUd.s:2082   .debug_str:000000000000004b .LASF9
C:\Users\Duckb\AppData\Local\Temp\cc2LCbUd.s:2214   .debug_str:000000000000032d .LASF11
C:\Users\Duckb\AppData\Local\Temp\cc2LCbUd.s:2272   .debug_str:000000000000043e .LASF12
C:\Users\Duckb\AppData\Local\Temp\cc2LCbUd.s:2308   .debug_str:000000000000055b .LASF13
C:\Users\Duckb\AppData\Local\Temp\cc2LCbUd.s:2182   .debug_str:00000000000002aa .LASF14
C:\Users\Duckb\AppData\Local\Temp\cc2LCbUd.s:2160   .debug_str:0000000000000237 .LASF15
C:\Users\Duckb\AppData\Local\Temp\cc2LCbUd.s:2264   .debug_str:000000000000041c .LASF16
C:\Users\Duckb\AppData\Local\Temp\cc2LCbUd.s:2266   .debug_str:0000000000000424 .LASF17
C:\Users\Duckb\AppData\Local\Temp\cc2LCbUd.s:2236   .debug_str:0000000000000394 .LASF18
C:\Users\Duckb\AppData\Local\Temp\cc2LCbUd.s:2294   .debug_str:0000000000000511 .LASF19
C:\Users\Duckb\AppData\Local\Temp\cc2LCbUd.s:2218   .debug_str:000000000000033e .LASF20
C:\Users\Duckb\AppData\Local\Temp\cc2LCbUd.s:2144   .debug_str:00000000000001ed .LASF21
C:\Users\Duckb\AppData\Local\Temp\cc2LCbUd.s:2148   .debug_str:00000000000001fe .LASF26
C:\Users\Duckb\AppData\Local\Temp\cc2LCbUd.s:2284   .debug_str:0000000000000468 .LASF22
C:\Users\Duckb\AppData\Local\Temp\cc2LCbUd.s:2258   .debug_str:0000000000000407 .LASF23
C:\Users\Duckb\AppData\Local\Temp\cc2LCbUd.s:2142   .debug_str:00000000000001e7 .LASF24
C:\Users\Duckb\AppData\Local\Temp\cc2LCbUd.s:2302   .debug_str:0000000000000546 .LASF25
C:\Users\Duckb\AppData\Local\Temp\cc2LCbUd.s:2156   .debug_str:0000000000000225 .LASF27
C:\Users\Duckb\AppData\Local\Temp\cc2LCbUd.s:2096   .debug_str:00000000000000be .LASF28
C:\Users\Duckb\AppData\Local\Temp\cc2LCbUd.s:2278   .debug_str:0000000000000452 .LASF29
C:\Users\Duckb\AppData\Local\Temp\cc2LCbUd.s:2106   .debug_str:00000000000000ed .LASF30
C:\Users\Duckb\AppData\Local\Temp\cc2LCbUd.s:2332   .debug_str:00000000000005c6 .LASF31
C:\Users\Duckb\AppData\Local\Temp\cc2LCbUd.s:2208   .debug_str:0000000000000311 .LASF32
C:\Users\Duckb\AppData\Local\Temp\cc2LCbUd.s:2196   .debug_str:00000000000002dd .LASF33
C:\Users\Duckb\AppData\Local\Temp\cc2LCbUd.s:2304   .debug_str:000000000000054b .LASF34
C:\Users\Duckb\AppData\Local\Temp\cc2LCbUd.s:2228   .debug_str:0000000000000376 .LASF35
C:\Users\Duckb\AppData\Local\Temp\cc2LCbUd.s:2318   .debug_str:0000000000000586 .LASF36
C:\Users\Duckb\AppData\Local\Temp\cc2LCbUd.s:2110   .debug_str:00000000000000fc .LASF37
C:\Users\Duckb\AppData\Local\Temp\cc2LCbUd.s:2138   .debug_str:00000000000001da .LASF38
C:\Users\Duckb\AppData\Local\Temp\cc2LCbUd.s:2068   .debug_str:0000000000000000 .LASF39
GAS LISTING C:\Users\Duckb\AppData\Local\Temp\cc2LCbUd.s 			page 4


C:\Users\Duckb\AppData\Local\Temp\cc2LCbUd.s:2290   .debug_str:0000000000000503 .LASF40
C:\Users\Duckb\AppData\Local\Temp\cc2LCbUd.s:2120   .debug_str:000000000000012a .LASF41
C:\Users\Duckb\AppData\Local\Temp\cc2LCbUd.s:2210   .debug_str:000000000000031a .LASF42
C:\Users\Duckb\AppData\Local\Temp\cc2LCbUd.s:2250   .debug_str:00000000000003d7 .LASF43
C:\Users\Duckb\AppData\Local\Temp\cc2LCbUd.s:2140   .debug_str:00000000000001e2 .LASF44
C:\Users\Duckb\AppData\Local\Temp\cc2LCbUd.s:2230   .debug_str:0000000000000380 .LASF45
C:\Users\Duckb\AppData\Local\Temp\cc2LCbUd.s:2104   .debug_str:00000000000000e7 .LASF46
C:\Users\Duckb\AppData\Local\Temp\cc2LCbUd.s:2070   .debug_str:000000000000000c .LASF47
C:\Users\Duckb\AppData\Local\Temp\cc2LCbUd.s:2238   .debug_str:000000000000039f .LASF48
C:\Users\Duckb\AppData\Local\Temp\cc2LCbUd.s:2118   .debug_str:0000000000000123 .LASF49
C:\Users\Duckb\AppData\Local\Temp\cc2LCbUd.s:2168   .debug_str:0000000000000260 .LASF50
C:\Users\Duckb\AppData\Local\Temp\cc2LCbUd.s:2084   .debug_str:0000000000000062 .LASF51
C:\Users\Duckb\AppData\Local\Temp\cc2LCbUd.s:2112   .debug_str:000000000000010a .LASF52
C:\Users\Duckb\AppData\Local\Temp\cc2LCbUd.s:2152   .debug_str:0000000000000215 .LASF53
C:\Users\Duckb\AppData\Local\Temp\cc2LCbUd.s:2194   .debug_str:00000000000002d6 .LASF54
C:\Users\Duckb\AppData\Local\Temp\cc2LCbUd.s:2268   .debug_str:000000000000042c .LASF55
C:\Users\Duckb\AppData\Local\Temp\cc2LCbUd.s:2322   .debug_str:00000000000005a0 .LASF56
C:\Users\Duckb\AppData\Local\Temp\cc2LCbUd.s:2102   .debug_str:00000000000000e1 .LASF57
C:\Users\Duckb\AppData\Local\Temp\cc2LCbUd.s:2314   .debug_str:0000000000000578 .LASF58
C:\Users\Duckb\AppData\Local\Temp\cc2LCbUd.s:2124   .debug_str:0000000000000139 .LASF59
C:\Users\Duckb\AppData\Local\Temp\cc2LCbUd.s:2132   .debug_str:00000000000001b3 .LASF60
C:\Users\Duckb\AppData\Local\Temp\cc2LCbUd.s:2076   .debug_str:0000000000000025 .LASF61
C:\Users\Duckb\AppData\Local\Temp\cc2LCbUd.s:2188   .debug_str:00000000000002bf .LASF62
C:\Users\Duckb\AppData\Local\Temp\cc2LCbUd.s:2242   .debug_str:00000000000003b1 .LASF63
C:\Users\Duckb\AppData\Local\Temp\cc2LCbUd.s:2190   .debug_str:00000000000002c5 .LASF64
C:\Users\Duckb\AppData\Local\Temp\cc2LCbUd.s:2260   .debug_str:000000000000040f .LASF65
C:\Users\Duckb\AppData\Local\Temp\cc2LCbUd.s:2274   .debug_str:0000000000000446 .LASF66
C:\Users\Duckb\AppData\Local\Temp\cc2LCbUd.s:2122   .debug_str:0000000000000132 .LASF67
C:\Users\Duckb\AppData\Local\Temp\cc2LCbUd.s:2162   .debug_str:000000000000023e .LASF68
C:\Users\Duckb\AppData\Local\Temp\cc2LCbUd.s:2146   .debug_str:00000000000001f6 .LASF69
C:\Users\Duckb\AppData\Local\Temp\cc2LCbUd.s:2248   .debug_str:00000000000003d2 .LASF70
C:\Users\Duckb\AppData\Local\Temp\cc2LCbUd.s:2074   .debug_str:000000000000001a .LASF71
C:\Users\Duckb\AppData\Local\Temp\cc2LCbUd.s:2256   .debug_str:00000000000003ee .LASF72
C:\Users\Duckb\AppData\Local\Temp\cc2LCbUd.s:2252   .debug_str:00000000000003dc .LASF73
C:\Users\Duckb\AppData\Local\Temp\cc2LCbUd.s:2212   .debug_str:0000000000000322 .LASF74
C:\Users\Duckb\AppData\Local\Temp\cc2LCbUd.s:2254   .debug_str:00000000000003e4 .LASF75
C:\Users\Duckb\AppData\Local\Temp\cc2LCbUd.s:2180   .debug_str:00000000000002a2 .LASF76
C:\Users\Duckb\AppData\Local\Temp\cc2LCbUd.s:2154   .debug_str:000000000000021b .LASF77
C:\Users\Duckb\AppData\Local\Temp\cc2LCbUd.s:2330   .debug_str:00000000000005c1 .LASF78
C:\Users\Duckb\AppData\Local\Temp\cc2LCbUd.s:2216   .debug_str:0000000000000334 .LASF79
C:\Users\Duckb\AppData\Local\Temp\cc2LCbUd.s:2164   .debug_str:0000000000000246 .LASF80
C:\Users\Duckb\AppData\Local\Temp\cc2LCbUd.s:2130   .debug_str:00000000000001ab .LASF81
C:\Users\Duckb\AppData\Local\Temp\cc2LCbUd.s:2222   .debug_str:000000000000035e .LASF82
C:\Users\Duckb\AppData\Local\Temp\cc2LCbUd.s:2174   .debug_str:0000000000000280 .LASF83
C:\Users\Duckb\AppData\Local\Temp\cc2LCbUd.s:2312   .debug_str:000000000000056e .LASF84
C:\Users\Duckb\AppData\Local\Temp\cc2LCbUd.s:2114   .debug_str:0000000000000112 .LASF85
C:\Users\Duckb\AppData\Local\Temp\cc2LCbUd.s:2108   .debug_str:00000000000000f7 .LASF86
C:\Users\Duckb\AppData\Local\Temp\cc2LCbUd.s:2276   .debug_str:000000000000044d .LASF87
C:\Users\Duckb\AppData\Local\Temp\cc2LCbUd.s:2234   .debug_str:000000000000038d .LASF88
C:\Users\Duckb\AppData\Local\Temp\cc2LCbUd.s:2306   .debug_str:0000000000000555 .LASF89
C:\Users\Duckb\AppData\Local\Temp\cc2LCbUd.s:2170   .debug_str:0000000000000266 .LASF90
C:\Users\Duckb\AppData\Local\Temp\cc2LCbUd.s:2232   .debug_str:0000000000000387 .LASF91
C:\Users\Duckb\AppData\Local\Temp\cc2LCbUd.s:2072   .debug_str:0000000000000012 .LASF92
C:\Users\Duckb\AppData\Local\Temp\cc2LCbUd.s:2262   .debug_str:0000000000000416 .LASF93
C:\Users\Duckb\AppData\Local\Temp\cc2LCbUd.s:2282   .debug_str:0000000000000462 .LASF94
C:\Users\Duckb\AppData\Local\Temp\cc2LCbUd.s:2292   .debug_str:000000000000050c .LASF95
C:\Users\Duckb\AppData\Local\Temp\cc2LCbUd.s:2300   .debug_str:0000000000000539 .LASF96
GAS LISTING C:\Users\Duckb\AppData\Local\Temp\cc2LCbUd.s 			page 5


C:\Users\Duckb\AppData\Local\Temp\cc2LCbUd.s:2286   .debug_str:000000000000046e .LASF97
C:\Users\Duckb\AppData\Local\Temp\cc2LCbUd.s:2178   .debug_str:0000000000000295 .LASF98
C:\Users\Duckb\AppData\Local\Temp\cc2LCbUd.s:2320   .debug_str:0000000000000591 .LASF99
C:\Users\Duckb\AppData\Local\Temp\cc2LCbUd.s:2150   .debug_str:0000000000000206 .LASF100
C:\Users\Duckb\AppData\Local\Temp\cc2LCbUd.s:2244   .debug_str:00000000000003ba .LASF101
C:\Users\Duckb\AppData\Local\Temp\cc2LCbUd.s:2324   .debug_str:00000000000005a7 .LASF102
C:\Users\Duckb\AppData\Local\Temp\cc2LCbUd.s:2246   .debug_str:00000000000003c5 .LASF103
C:\Users\Duckb\AppData\Local\Temp\cc2LCbUd.s:2328   .debug_str:00000000000005b3 .LASF104
C:\Users\Duckb\AppData\Local\Temp\cc2LCbUd.s:2094   .debug_str:00000000000000b0 .LASF105
C:\Users\Duckb\AppData\Local\Temp\cc2LCbUd.s:2310   .debug_str:0000000000000564 .LASF106
C:\Users\Duckb\AppData\Local\Temp\cc2LCbUd.s:2176   .debug_str:0000000000000289 .LASF107
C:\Users\Duckb\AppData\Local\Temp\cc2LCbUd.s:2296   .debug_str:0000000000000519 .LASF108
C:\Users\Duckb\AppData\Local\Temp\cc2LCbUd.s:2136   .debug_str:00000000000001cc .LASF109
C:\Users\Duckb\AppData\Local\Temp\cc2LCbUd.s:2090   .debug_str:000000000000007c .LASF110
C:\Users\Duckb\AppData\Local\Temp\cc2LCbUd.s:2134   .debug_str:00000000000001bb .LASF111
C:\Users\Duckb\AppData\Local\Temp\cc2LCbUd.s:2078   .debug_str:000000000000002b .LASF112
C:\Users\Duckb\AppData\Local\Temp\cc2LCbUd.s:2080   .debug_str:000000000000003a .LASF113
C:\Users\Duckb\AppData\Local\Temp\cc2LCbUd.s:2224   .debug_str:0000000000000363 .LASF114
C:\Users\Duckb\AppData\Local\Temp\cc2LCbUd.s:2206   .debug_str:000000000000030a .LASF115
C:\Users\Duckb\AppData\Local\Temp\cc2LCbUd.s:2198   .debug_str:00000000000002e7 .LASF116
C:\Users\Duckb\AppData\Local\Temp\cc2LCbUd.s:2316   .debug_str:000000000000057e .LASF117
C:\Users\Duckb\AppData\Local\Temp\cc2LCbUd.s:2086   .debug_str:000000000000006b .LASF131
C:\Users\Duckb\AppData\Local\Temp\cc2LCbUd.s:2270   .debug_str:0000000000000432 .LASF118
C:\Users\Duckb\AppData\Local\Temp\cc2LCbUd.s:2298   .debug_str:0000000000000526 .LASF119
C:\Users\Duckb\AppData\Local\Temp\cc2LCbUd.s:2128   .debug_str:000000000000019e .LASF120
C:\Users\Duckb\AppData\Local\Temp\cc2LCbUd.s:2240   .debug_str:00000000000003a7 .LASF121
C:\Users\Duckb\AppData\Local\Temp\cc2LCbUd.s:2184   .debug_str:00000000000002b0 .LASF122
C:\Users\Duckb\AppData\Local\Temp\cc2LCbUd.s:2200   .debug_str:00000000000002f0 .LASF123
C:\Users\Duckb\AppData\Local\Temp\cc2LCbUd.s:2204   .debug_str:0000000000000303 .LASF124
C:\Users\Duckb\AppData\Local\Temp\cc2LCbUd.s:2280   .debug_str:000000000000045b .LASF125
C:\Users\Duckb\AppData\Local\Temp\cc2LCbUd.s:2326   .debug_str:00000000000005ac .LASF126
C:\Users\Duckb\AppData\Local\Temp\cc2LCbUd.s:2192   .debug_str:00000000000002cd .LASF127
C:\Users\Duckb\AppData\Local\Temp\cc2LCbUd.s:14     .text._close:0000000000000000 .LFB1
C:\Users\Duckb\AppData\Local\Temp\cc2LCbUd.s:27     .text._close:0000000000000004 .LFE1
C:\Users\Duckb\AppData\Local\Temp\cc2LCbUd.s:2033   .debug_loc:0000000000000000 .LLST0
C:\Users\Duckb\AppData\Local\Temp\cc2LCbUd.s:2088   .debug_str:0000000000000076 .LASF132
C:\Users\Duckb\AppData\Local\Temp\cc2LCbUd.s:18     .text._close:0000000000000000 .LVL0
C:\Users\Duckb\AppData\Local\Temp\cc2LCbUd.s:24     .text._close:0000000000000002 .LVL1
C:\Users\Duckb\AppData\Local\Temp\cc2LCbUd.s:38     .debug_info:0000000000000000 .Ldebug_info0

NO UNDEFINED SYMBOLS
