GAS LISTING C:\Users\Duckb\AppData\Local\Temp\ccmnZUAJ.s 			page 1


   1              		.file	"lseek.c"
   2              		.option nopic
   3              		.attribute arch, "rv32i2p0_m2p0_a2p0_c2p0"
   4              		.attribute unaligned_access, 0
   5              		.attribute stack_align, 16
   6              		.text
   7              	.Ltext0:
   8              		.cfi_sections	.debug_frame
   9              		.section	.text._lseek,"ax",@progbits
  10              		.align	1
  11              		.globl	_lseek
  13              	_lseek:
  14              	.LFB1:
  15              		.file 1 "./../../firmware/RISCV/stubs/lseek.c"
   1:./../../firmware/RISCV/stubs/lseek.c **** /* See LICENSE of license details. */
   2:./../../firmware/RISCV/stubs/lseek.c **** 
   3:./../../firmware/RISCV/stubs/lseek.c **** #include <errno.h>
   4:./../../firmware/RISCV/stubs/lseek.c **** #include <unistd.h>
   5:./../../firmware/RISCV/stubs/lseek.c **** #include <sys/types.h>
   6:./../../firmware/RISCV/stubs/lseek.c **** #include "stub.h"
   7:./../../firmware/RISCV/stubs/lseek.c **** 
   8:./../../firmware/RISCV/stubs/lseek.c **** off_t _lseek(int fd, off_t ptr, int dir)
   9:./../../firmware/RISCV/stubs/lseek.c **** {
  16              		.loc 1 9 1
  17              		.cfi_startproc
  18              	.LVL0:
  10:./../../firmware/RISCV/stubs/lseek.c ****   if (isatty(fd))
  19              		.loc 1 10 3
   9:./../../firmware/RISCV/stubs/lseek.c ****   if (isatty(fd))
  20              		.loc 1 9 1 is_stmt 0
  21 0000 4111     		addi	sp,sp,-16
  22              	.LCFI0:
  23              		.cfi_def_cfa_offset 16
  24 0002 06C6     		sw	ra,12(sp)
  25              		.cfi_offset 1, -4
  26              		.loc 1 10 7
  27 0004 97000000 		call	isatty
  27      E7800000 
  28              	.LVL1:
  11:./../../firmware/RISCV/stubs/lseek.c ****     return 0;
  12:./../../firmware/RISCV/stubs/lseek.c **** 
  13:./../../firmware/RISCV/stubs/lseek.c ****   return _stub(EBADF);
  14:./../../firmware/RISCV/stubs/lseek.c **** }
  29              		.loc 1 14 1
  30 000c B240     		lw	ra,12(sp)
  31              		.cfi_restore 1
  10:./../../firmware/RISCV/stubs/lseek.c ****     return 0;
  32              		.loc 1 10 6
  33 000e 13351500 		seqz	a0,a0
  34              		.loc 1 14 1
  35 0012 3305A040 		neg	a0,a0
  36 0016 4101     		addi	sp,sp,16
  37              	.LCFI1:
  38              		.cfi_def_cfa_offset 0
  39 0018 8280     		jr	ra
  40              		.cfi_endproc
  41              	.LFE1:
GAS LISTING C:\Users\Duckb\AppData\Local\Temp\ccmnZUAJ.s 			page 2


  43              		.text
  44              	.Letext0:
  45              		.file 2 "c:\\programming\\assembler\\toolchain-gd32v-v202-win\\toolchain-gd32v-v202-win\\compiler\
  46              		.file 3 "c:\\programming\\assembler\\toolchain-gd32v-v202-win\\toolchain-gd32v-v202-win\\compiler\
  47              		.file 4 "c:\\programming\\assembler\\toolchain-gd32v-v202-win\\toolchain-gd32v-v202-win\\compiler\
  48              		.file 5 "c:\\programming\\assembler\\toolchain-gd32v-v202-win\\toolchain-gd32v-v202-win\\compiler\
  49              		.file 6 "c:\\programming\\assembler\\toolchain-gd32v-v202-win\\toolchain-gd32v-v202-win\\compiler\
  50              		.file 7 "c:\\programming\\assembler\\toolchain-gd32v-v202-win\\toolchain-gd32v-v202-win\\compiler\
  51              		.file 8 "c:\\programming\\assembler\\toolchain-gd32v-v202-win\\toolchain-gd32v-v202-win\\compiler\
  52              		.file 9 "./../../firmware/RISCV/stubs/stub.h"
GAS LISTING C:\Users\Duckb\AppData\Local\Temp\ccmnZUAJ.s 			page 3


DEFINED SYMBOLS
                            *ABS*:0000000000000000 lseek.c
C:\Users\Duckb\AppData\Local\Temp\ccmnZUAJ.s:13     .text._lseek:0000000000000000 _lseek
C:\Users\Duckb\AppData\Local\Temp\ccmnZUAJ.s:17     .text._lseek:0000000000000000 .L0 
C:\Users\Duckb\AppData\Local\Temp\ccmnZUAJ.s:19     .text._lseek:0000000000000000 .L0 
C:\Users\Duckb\AppData\Local\Temp\ccmnZUAJ.s:20     .text._lseek:0000000000000000 .L0 
C:\Users\Duckb\AppData\Local\Temp\ccmnZUAJ.s:21     .text._lseek:0000000000000000 .L0 
C:\Users\Duckb\AppData\Local\Temp\ccmnZUAJ.s:23     .text._lseek:0000000000000002 .L0 
C:\Users\Duckb\AppData\Local\Temp\ccmnZUAJ.s:25     .text._lseek:0000000000000004 .L0 
C:\Users\Duckb\AppData\Local\Temp\ccmnZUAJ.s:27     .text._lseek:0000000000000004 .L0 
C:\Users\Duckb\AppData\Local\Temp\ccmnZUAJ.s:30     .text._lseek:000000000000000c .L0 
C:\Users\Duckb\AppData\Local\Temp\ccmnZUAJ.s:31     .text._lseek:000000000000000e .L0 
C:\Users\Duckb\AppData\Local\Temp\ccmnZUAJ.s:33     .text._lseek:000000000000000e .L0 
C:\Users\Duckb\AppData\Local\Temp\ccmnZUAJ.s:35     .text._lseek:0000000000000012 .L0 
C:\Users\Duckb\AppData\Local\Temp\ccmnZUAJ.s:38     .text._lseek:0000000000000018 .L0 
C:\Users\Duckb\AppData\Local\Temp\ccmnZUAJ.s:40     .text._lseek:000000000000001a .L0 
C:\Users\Duckb\AppData\Local\Temp\ccmnZUAJ.s:43     .text._lseek:000000000000001a .L0 
                     .debug_frame:0000000000000000 .L0 
C:\Users\Duckb\AppData\Local\Temp\ccmnZUAJ.s:1600   .debug_abbrev:0000000000000000 .Ldebug_abbrev0
C:\Users\Duckb\AppData\Local\Temp\ccmnZUAJ.s:2441   .debug_str:0000000000000497 .LASF130
C:\Users\Duckb\AppData\Local\Temp\ccmnZUAJ.s:2321   .debug_str:000000000000025d .LASF131
C:\Users\Duckb\AppData\Local\Temp\ccmnZUAJ.s:2273   .debug_str:000000000000012c .LASF132
C:\Users\Duckb\AppData\Local\Temp\ccmnZUAJ.s:2205   .debug_ranges:0000000000000000 .Ldebug_ranges0
C:\Users\Duckb\AppData\Local\Temp\ccmnZUAJ.s:2211   .debug_line:0000000000000000 .Ldebug_line0
C:\Users\Duckb\AppData\Local\Temp\ccmnZUAJ.s:2305   .debug_str:0000000000000214 .LASF0
C:\Users\Duckb\AppData\Local\Temp\ccmnZUAJ.s:2323   .debug_str:0000000000000282 .LASF1
C:\Users\Duckb\AppData\Local\Temp\ccmnZUAJ.s:2245   .debug_str:00000000000000b1 .LASF2
C:\Users\Duckb\AppData\Local\Temp\ccmnZUAJ.s:2353   .debug_str:000000000000030c .LASF3
C:\Users\Duckb\AppData\Local\Temp\ccmnZUAJ.s:2337   .debug_str:00000000000002cd .LASF10
C:\Users\Duckb\AppData\Local\Temp\ccmnZUAJ.s:2247   .debug_str:00000000000000bf .LASF4
C:\Users\Duckb\AppData\Local\Temp\ccmnZUAJ.s:2373   .debug_str:000000000000036c .LASF5
C:\Users\Duckb\AppData\Local\Temp\ccmnZUAJ.s:2379   .debug_str:0000000000000388 .LASF6
C:\Users\Duckb\AppData\Local\Temp\ccmnZUAJ.s:2263   .debug_str:0000000000000104 .LASF7
C:\Users\Duckb\AppData\Local\Temp\ccmnZUAJ.s:2313   .debug_str:0000000000000238 .LASF8
C:\Users\Duckb\AppData\Local\Temp\ccmnZUAJ.s:2231   .debug_str:000000000000005a .LASF9
C:\Users\Duckb\AppData\Local\Temp\ccmnZUAJ.s:2367   .debug_str:0000000000000349 .LASF11
C:\Users\Duckb\AppData\Local\Temp\ccmnZUAJ.s:2215   .debug_str:000000000000000c .LASF12
C:\Users\Duckb\AppData\Local\Temp\ccmnZUAJ.s:2425   .debug_str:000000000000045a .LASF13
C:\Users\Duckb\AppData\Local\Temp\ccmnZUAJ.s:2461   .debug_str:0000000000000577 .LASF14
C:\Users\Duckb\AppData\Local\Temp\ccmnZUAJ.s:2333   .debug_str:00000000000002bf .LASF15
C:\Users\Duckb\AppData\Local\Temp\ccmnZUAJ.s:2307   .debug_str:0000000000000221 .LASF16
C:\Users\Duckb\AppData\Local\Temp\ccmnZUAJ.s:2417   .debug_str:0000000000000438 .LASF17
C:\Users\Duckb\AppData\Local\Temp\ccmnZUAJ.s:2419   .debug_str:0000000000000440 .LASF18
C:\Users\Duckb\AppData\Local\Temp\ccmnZUAJ.s:2389   .debug_str:00000000000003b0 .LASF19
C:\Users\Duckb\AppData\Local\Temp\ccmnZUAJ.s:2447   .debug_str:000000000000052d .LASF20
C:\Users\Duckb\AppData\Local\Temp\ccmnZUAJ.s:2371   .debug_str:000000000000035a .LASF21
C:\Users\Duckb\AppData\Local\Temp\ccmnZUAJ.s:2291   .debug_str:00000000000001d7 .LASF22
C:\Users\Duckb\AppData\Local\Temp\ccmnZUAJ.s:2295   .debug_str:00000000000001e8 .LASF27
C:\Users\Duckb\AppData\Local\Temp\ccmnZUAJ.s:2437   .debug_str:0000000000000484 .LASF23
C:\Users\Duckb\AppData\Local\Temp\ccmnZUAJ.s:2411   .debug_str:0000000000000423 .LASF24
C:\Users\Duckb\AppData\Local\Temp\ccmnZUAJ.s:2289   .debug_str:00000000000001d1 .LASF25
C:\Users\Duckb\AppData\Local\Temp\ccmnZUAJ.s:2455   .debug_str:0000000000000562 .LASF26
C:\Users\Duckb\AppData\Local\Temp\ccmnZUAJ.s:2303   .debug_str:000000000000020f .LASF28
C:\Users\Duckb\AppData\Local\Temp\ccmnZUAJ.s:2243   .debug_str:00000000000000a8 .LASF29
C:\Users\Duckb\AppData\Local\Temp\ccmnZUAJ.s:2431   .debug_str:000000000000046e .LASF30
C:\Users\Duckb\AppData\Local\Temp\ccmnZUAJ.s:2253   .debug_str:00000000000000d7 .LASF31
C:\Users\Duckb\AppData\Local\Temp\ccmnZUAJ.s:2485   .debug_str:00000000000005e2 .LASF32
GAS LISTING C:\Users\Duckb\AppData\Local\Temp\ccmnZUAJ.s 			page 4


C:\Users\Duckb\AppData\Local\Temp\ccmnZUAJ.s:2359   .debug_str:0000000000000326 .LASF33
C:\Users\Duckb\AppData\Local\Temp\ccmnZUAJ.s:2347   .debug_str:00000000000002f2 .LASF34
C:\Users\Duckb\AppData\Local\Temp\ccmnZUAJ.s:2457   .debug_str:0000000000000567 .LASF35
C:\Users\Duckb\AppData\Local\Temp\ccmnZUAJ.s:2381   .debug_str:0000000000000392 .LASF36
C:\Users\Duckb\AppData\Local\Temp\ccmnZUAJ.s:2471   .debug_str:00000000000005a2 .LASF37
C:\Users\Duckb\AppData\Local\Temp\ccmnZUAJ.s:2257   .debug_str:00000000000000e6 .LASF38
C:\Users\Duckb\AppData\Local\Temp\ccmnZUAJ.s:2285   .debug_str:00000000000001c4 .LASF39
C:\Users\Duckb\AppData\Local\Temp\ccmnZUAJ.s:2213   .debug_str:0000000000000000 .LASF40
C:\Users\Duckb\AppData\Local\Temp\ccmnZUAJ.s:2443   .debug_str:000000000000051f .LASF41
C:\Users\Duckb\AppData\Local\Temp\ccmnZUAJ.s:2267   .debug_str:0000000000000114 .LASF42
C:\Users\Duckb\AppData\Local\Temp\ccmnZUAJ.s:2361   .debug_str:000000000000032f .LASF43
C:\Users\Duckb\AppData\Local\Temp\ccmnZUAJ.s:2403   .debug_str:00000000000003f3 .LASF44
C:\Users\Duckb\AppData\Local\Temp\ccmnZUAJ.s:2287   .debug_str:00000000000001cc .LASF45
C:\Users\Duckb\AppData\Local\Temp\ccmnZUAJ.s:2383   .debug_str:000000000000039c .LASF46
C:\Users\Duckb\AppData\Local\Temp\ccmnZUAJ.s:2251   .debug_str:00000000000000d1 .LASF47
C:\Users\Duckb\AppData\Local\Temp\ccmnZUAJ.s:2219   .debug_str:000000000000001b .LASF48
C:\Users\Duckb\AppData\Local\Temp\ccmnZUAJ.s:2391   .debug_str:00000000000003bb .LASF49
C:\Users\Duckb\AppData\Local\Temp\ccmnZUAJ.s:2265   .debug_str:000000000000010d .LASF50
C:\Users\Duckb\AppData\Local\Temp\ccmnZUAJ.s:2315   .debug_str:000000000000024a .LASF51
C:\Users\Duckb\AppData\Local\Temp\ccmnZUAJ.s:2233   .debug_str:0000000000000071 .LASF52
C:\Users\Duckb\AppData\Local\Temp\ccmnZUAJ.s:2259   .debug_str:00000000000000f4 .LASF53
C:\Users\Duckb\AppData\Local\Temp\ccmnZUAJ.s:2299   .debug_str:00000000000001ff .LASF54
C:\Users\Duckb\AppData\Local\Temp\ccmnZUAJ.s:2345   .debug_str:00000000000002eb .LASF55
C:\Users\Duckb\AppData\Local\Temp\ccmnZUAJ.s:2421   .debug_str:0000000000000448 .LASF56
C:\Users\Duckb\AppData\Local\Temp\ccmnZUAJ.s:2475   .debug_str:00000000000005bc .LASF57
C:\Users\Duckb\AppData\Local\Temp\ccmnZUAJ.s:2249   .debug_str:00000000000000cb .LASF58
C:\Users\Duckb\AppData\Local\Temp\ccmnZUAJ.s:2467   .debug_str:0000000000000594 .LASF59
C:\Users\Duckb\AppData\Local\Temp\ccmnZUAJ.s:2271   .debug_str:0000000000000123 .LASF60
C:\Users\Duckb\AppData\Local\Temp\ccmnZUAJ.s:2279   .debug_str:000000000000019d .LASF61
C:\Users\Duckb\AppData\Local\Temp\ccmnZUAJ.s:2225   .debug_str:0000000000000034 .LASF62
C:\Users\Duckb\AppData\Local\Temp\ccmnZUAJ.s:2339   .debug_str:00000000000002d4 .LASF63
C:\Users\Duckb\AppData\Local\Temp\ccmnZUAJ.s:2395   .debug_str:00000000000003cd .LASF64
C:\Users\Duckb\AppData\Local\Temp\ccmnZUAJ.s:2341   .debug_str:00000000000002da .LASF65
C:\Users\Duckb\AppData\Local\Temp\ccmnZUAJ.s:2413   .debug_str:000000000000042b .LASF66
C:\Users\Duckb\AppData\Local\Temp\ccmnZUAJ.s:2427   .debug_str:0000000000000462 .LASF67
C:\Users\Duckb\AppData\Local\Temp\ccmnZUAJ.s:2269   .debug_str:000000000000011c .LASF68
C:\Users\Duckb\AppData\Local\Temp\ccmnZUAJ.s:2309   .debug_str:0000000000000228 .LASF69
C:\Users\Duckb\AppData\Local\Temp\ccmnZUAJ.s:2293   .debug_str:00000000000001e0 .LASF70
C:\Users\Duckb\AppData\Local\Temp\ccmnZUAJ.s:2401   .debug_str:00000000000003ee .LASF71
C:\Users\Duckb\AppData\Local\Temp\ccmnZUAJ.s:2223   .debug_str:0000000000000029 .LASF72
C:\Users\Duckb\AppData\Local\Temp\ccmnZUAJ.s:2409   .debug_str:000000000000040a .LASF73
C:\Users\Duckb\AppData\Local\Temp\ccmnZUAJ.s:2405   .debug_str:00000000000003f8 .LASF74
C:\Users\Duckb\AppData\Local\Temp\ccmnZUAJ.s:2365   .debug_str:000000000000033e .LASF75
C:\Users\Duckb\AppData\Local\Temp\ccmnZUAJ.s:2407   .debug_str:0000000000000400 .LASF76
C:\Users\Duckb\AppData\Local\Temp\ccmnZUAJ.s:2331   .debug_str:00000000000002b7 .LASF77
C:\Users\Duckb\AppData\Local\Temp\ccmnZUAJ.s:2301   .debug_str:0000000000000205 .LASF78
C:\Users\Duckb\AppData\Local\Temp\ccmnZUAJ.s:2483   .debug_str:00000000000005dd .LASF79
C:\Users\Duckb\AppData\Local\Temp\ccmnZUAJ.s:2369   .debug_str:0000000000000350 .LASF80
C:\Users\Duckb\AppData\Local\Temp\ccmnZUAJ.s:2311   .debug_str:0000000000000230 .LASF81
C:\Users\Duckb\AppData\Local\Temp\ccmnZUAJ.s:2277   .debug_str:0000000000000195 .LASF82
C:\Users\Duckb\AppData\Local\Temp\ccmnZUAJ.s:2375   .debug_str:000000000000037a .LASF83
C:\Users\Duckb\AppData\Local\Temp\ccmnZUAJ.s:2325   .debug_str:0000000000000295 .LASF84
C:\Users\Duckb\AppData\Local\Temp\ccmnZUAJ.s:2465   .debug_str:000000000000058a .LASF85
C:\Users\Duckb\AppData\Local\Temp\ccmnZUAJ.s:2261   .debug_str:00000000000000fc .LASF86
C:\Users\Duckb\AppData\Local\Temp\ccmnZUAJ.s:2255   .debug_str:00000000000000e1 .LASF87
C:\Users\Duckb\AppData\Local\Temp\ccmnZUAJ.s:2429   .debug_str:0000000000000469 .LASF88
C:\Users\Duckb\AppData\Local\Temp\ccmnZUAJ.s:2387   .debug_str:00000000000003a9 .LASF89
GAS LISTING C:\Users\Duckb\AppData\Local\Temp\ccmnZUAJ.s 			page 5


C:\Users\Duckb\AppData\Local\Temp\ccmnZUAJ.s:2459   .debug_str:0000000000000571 .LASF90
C:\Users\Duckb\AppData\Local\Temp\ccmnZUAJ.s:2319   .debug_str:0000000000000256 .LASF91
C:\Users\Duckb\AppData\Local\Temp\ccmnZUAJ.s:2385   .debug_str:00000000000003a3 .LASF92
C:\Users\Duckb\AppData\Local\Temp\ccmnZUAJ.s:2221   .debug_str:0000000000000021 .LASF93
C:\Users\Duckb\AppData\Local\Temp\ccmnZUAJ.s:2415   .debug_str:0000000000000432 .LASF94
C:\Users\Duckb\AppData\Local\Temp\ccmnZUAJ.s:2435   .debug_str:000000000000047e .LASF95
C:\Users\Duckb\AppData\Local\Temp\ccmnZUAJ.s:2445   .debug_str:0000000000000528 .LASF96
C:\Users\Duckb\AppData\Local\Temp\ccmnZUAJ.s:2453   .debug_str:0000000000000555 .LASF97
C:\Users\Duckb\AppData\Local\Temp\ccmnZUAJ.s:2439   .debug_str:000000000000048a .LASF98
C:\Users\Duckb\AppData\Local\Temp\ccmnZUAJ.s:2329   .debug_str:00000000000002aa .LASF99
C:\Users\Duckb\AppData\Local\Temp\ccmnZUAJ.s:2473   .debug_str:00000000000005ad .LASF100
C:\Users\Duckb\AppData\Local\Temp\ccmnZUAJ.s:2297   .debug_str:00000000000001f0 .LASF101
C:\Users\Duckb\AppData\Local\Temp\ccmnZUAJ.s:2397   .debug_str:00000000000003d6 .LASF102
C:\Users\Duckb\AppData\Local\Temp\ccmnZUAJ.s:2477   .debug_str:00000000000005c3 .LASF103
C:\Users\Duckb\AppData\Local\Temp\ccmnZUAJ.s:2399   .debug_str:00000000000003e1 .LASF104
C:\Users\Duckb\AppData\Local\Temp\ccmnZUAJ.s:2481   .debug_str:00000000000005cf .LASF105
C:\Users\Duckb\AppData\Local\Temp\ccmnZUAJ.s:2241   .debug_str:000000000000009a .LASF106
C:\Users\Duckb\AppData\Local\Temp\ccmnZUAJ.s:2463   .debug_str:0000000000000580 .LASF107
C:\Users\Duckb\AppData\Local\Temp\ccmnZUAJ.s:2327   .debug_str:000000000000029e .LASF108
C:\Users\Duckb\AppData\Local\Temp\ccmnZUAJ.s:2449   .debug_str:0000000000000535 .LASF109
C:\Users\Duckb\AppData\Local\Temp\ccmnZUAJ.s:2283   .debug_str:00000000000001b6 .LASF110
C:\Users\Duckb\AppData\Local\Temp\ccmnZUAJ.s:2239   .debug_str:000000000000008b .LASF111
C:\Users\Duckb\AppData\Local\Temp\ccmnZUAJ.s:2281   .debug_str:00000000000001a5 .LASF112
C:\Users\Duckb\AppData\Local\Temp\ccmnZUAJ.s:2227   .debug_str:000000000000003a .LASF113
C:\Users\Duckb\AppData\Local\Temp\ccmnZUAJ.s:2229   .debug_str:0000000000000049 .LASF114
C:\Users\Duckb\AppData\Local\Temp\ccmnZUAJ.s:2377   .debug_str:000000000000037f .LASF115
C:\Users\Duckb\AppData\Local\Temp\ccmnZUAJ.s:2357   .debug_str:000000000000031f .LASF116
C:\Users\Duckb\AppData\Local\Temp\ccmnZUAJ.s:2349   .debug_str:00000000000002fc .LASF117
C:\Users\Duckb\AppData\Local\Temp\ccmnZUAJ.s:2469   .debug_str:000000000000059a .LASF118
C:\Users\Duckb\AppData\Local\Temp\ccmnZUAJ.s:2235   .debug_str:000000000000007a .LASF133
C:\Users\Duckb\AppData\Local\Temp\ccmnZUAJ.s:2423   .debug_str:000000000000044e .LASF119
C:\Users\Duckb\AppData\Local\Temp\ccmnZUAJ.s:2451   .debug_str:0000000000000542 .LASF120
C:\Users\Duckb\AppData\Local\Temp\ccmnZUAJ.s:2275   .debug_str:0000000000000188 .LASF121
C:\Users\Duckb\AppData\Local\Temp\ccmnZUAJ.s:2393   .debug_str:00000000000003c3 .LASF122
C:\Users\Duckb\AppData\Local\Temp\ccmnZUAJ.s:2317   .debug_str:0000000000000250 .LASF123
C:\Users\Duckb\AppData\Local\Temp\ccmnZUAJ.s:2335   .debug_str:00000000000002c5 .LASF124
C:\Users\Duckb\AppData\Local\Temp\ccmnZUAJ.s:2351   .debug_str:0000000000000305 .LASF125
C:\Users\Duckb\AppData\Local\Temp\ccmnZUAJ.s:2355   .debug_str:0000000000000318 .LASF126
C:\Users\Duckb\AppData\Local\Temp\ccmnZUAJ.s:2433   .debug_str:0000000000000477 .LASF127
C:\Users\Duckb\AppData\Local\Temp\ccmnZUAJ.s:2479   .debug_str:00000000000005c8 .LASF128
C:\Users\Duckb\AppData\Local\Temp\ccmnZUAJ.s:2343   .debug_str:00000000000002e2 .LASF129
C:\Users\Duckb\AppData\Local\Temp\ccmnZUAJ.s:2363   .debug_str:0000000000000337 .LASF134
C:\Users\Duckb\AppData\Local\Temp\ccmnZUAJ.s:14     .text._lseek:0000000000000000 .LFB1
C:\Users\Duckb\AppData\Local\Temp\ccmnZUAJ.s:41     .text._lseek:000000000000001a .LFE1
C:\Users\Duckb\AppData\Local\Temp\ccmnZUAJ.s:2132   .debug_loc:0000000000000000 .LLST0
C:\Users\Duckb\AppData\Local\Temp\ccmnZUAJ.s:2150   .debug_loc:000000000000002c .LLST1
C:\Users\Duckb\AppData\Local\Temp\ccmnZUAJ.s:2164   .debug_loc:000000000000004d .LLST2
C:\Users\Duckb\AppData\Local\Temp\ccmnZUAJ.s:2178   .debug_loc:000000000000006e .LLST3
C:\Users\Duckb\AppData\Local\Temp\ccmnZUAJ.s:28     .text._lseek:000000000000000c .LVL1
C:\Users\Duckb\AppData\Local\Temp\ccmnZUAJ.s:2237   .debug_str:0000000000000085 .LASF135
C:\Users\Duckb\AppData\Local\Temp\ccmnZUAJ.s:2217   .debug_str:0000000000000014 .LASF136
C:\Users\Duckb\AppData\Local\Temp\ccmnZUAJ.s:22     .text._lseek:0000000000000002 .LCFI0
C:\Users\Duckb\AppData\Local\Temp\ccmnZUAJ.s:37     .text._lseek:0000000000000018 .LCFI1
C:\Users\Duckb\AppData\Local\Temp\ccmnZUAJ.s:18     .text._lseek:0000000000000000 .LVL0
C:\Users\Duckb\AppData\Local\Temp\ccmnZUAJ.s:54     .debug_info:0000000000000000 .Ldebug_info0

UNDEFINED SYMBOLS
GAS LISTING C:\Users\Duckb\AppData\Local\Temp\ccmnZUAJ.s 			page 6


isatty
